<?xml version="1.0" encoding="UTF-8"?>
<!-- Generated by org.testng.reporters.JUnitReportReporter -->
<testsuite hostname="LAPTOP-8USUBBG6" failures="0" tests="1" name="day3.LogginAPI" time="0.163" errors="0" timestamp="2023-08-30T00:00:58 IST" skipped="0">
  <testcase classname="day3.LogginAPI" name="testLog" time="0.163"/>
</testsuite> <!-- day3.LogginAPI -->
