<?xml version="1.0" encoding="UTF-8"?>
<!-- Generated by org.testng.reporters.JUnitReportReporter -->
<testsuite hostname="LAPTOP-8USUBBG6" failures="0" tests="5" name="day2.WayToPostData" time="1.907" errors="0" timestamp="2023-08-29T22:28:21 IST" skipped="0">
  <testcase classname="day2.WayToPostData" name="createStudentExternalJsonFile" time="1.776"/>
  <testcase classname="day2.WayToPostData" name="listSingleStudent" time="0.002"/>
  <testcase classname="day2.WayToPostData" name="updateStudent" time="0.001"/>
  <testcase classname="day2.WayToPostData" name="listAllStudent" time="0.089"/>
  <testcase classname="day2.WayToPostData" name="deleteStudent" time="0.039"/>
</testsuite> <!-- day2.WayToPostData -->
