<?xml version="1.0" encoding="UTF-8"?>
<!-- Generated by org.testng.reporters.JUnitReportReporter -->
<testsuite hostname="LAPTOP-8USUBBG6" failures="0" tests="2" name="day3.CookieTest" time="1.561" errors="0" timestamp="2023-08-30T00:00:58 IST" skipped="0">
  <testcase classname="day3.CookieTest" name="testCookie" time="1.404"/>
  <testcase classname="day3.CookieTest" name="getCookieInfo" time="0.157"/>
</testsuite> <!-- day3.CookieTest -->
