<?xml version="1.0" encoding="UTF-8"?>
<!-- Generated by org.testng.reporters.JUnitReportReporter -->
<testsuite hostname="LAPTOP-8USUBBG6" failures="0" tests="3" name="day5.XmlResponse" time="2.223" errors="0" timestamp="2023-08-31T22:07:10 IST" skipped="0">
  <testcase classname="day5.XmlResponse" name="testXmlResponseThen" time="1.872"/>
  <testcase classname="day5.XmlResponse" name="testXMLresponseBody" time="0.158"/>
  <testcase classname="day5.XmlResponse" name="xmlInAnyOrder" time="0.193"/>
</testsuite> <!-- day5.XmlResponse -->
