<?xml version="1.0" encoding="UTF-8"?>
<!-- Generated by org.testng.reporters.JUnitReportReporter -->
<testsuite hostname="LAPTOP-8USUBBG6" failures="0" tests="4" name="day1.HTTPRequests" time="3.601" errors="0" timestamp="2023-08-29T12:53:06 IST" skipped="0">
  <testcase classname="day1.HTTPRequests" name="listSingleUser" time="1.984"/>
  <testcase classname="day1.HTTPRequests" name="createUser" time="0.769"/>
  <testcase classname="day1.HTTPRequests" name="updateUser" time="0.487"/>
  <testcase classname="day1.HTTPRequests" name="deleteUser" time="0.361"/>
</testsuite> <!-- day1.HTTPRequests -->
