<?xml version="1.0" encoding="UTF-8"?>
<!-- Generated by org.testng.reporters.JUnitReportReporter -->
<testsuite hostname="LAPTOP-8USUBBG6" failures="0" tests="1" name="day3.LogginAPI" time="1.267" errors="0" timestamp="2023-08-29T23:46:45 IST" skipped="0">
  <testcase classname="day3.LogginAPI" name="testLog" time="1.267"/>
</testsuite> <!-- day3.LogginAPI -->
