<?xml version="1.0" encoding="UTF-8"?>
<!-- Generated by org.testng.reporters.JUnitReportReporter -->
<testsuite hostname="LAPTOP-8USUBBG6" failures="0" tests="2" name="day3.CookieTest" time="1.716" errors="0" timestamp="2023-08-29T23:13:22 IST" skipped="0">
  <testcase classname="day3.CookieTest" name="testCookie" time="1.543"/>
  <testcase classname="day3.CookieTest" name="getCookieInfo" time="0.173"/>
</testsuite> <!-- day3.CookieTest -->
