<?xml version="1.0" encoding="UTF-8"?>
<!-- Generated by org.testng.reporters.JUnitReportReporter -->
<testsuite hostname="LAPTOP-8USUBBG6" failures="0" tests="4" name="day1.HTTPRequests" time="4.229" errors="0" timestamp="2023-09-02T18:23:49 IST" skipped="0">
  <testcase classname="day1.HTTPRequests" name="listSingleUser" time="2.130"/>
  <testcase classname="day1.HTTPRequests" name="createUser" time="0.966"/>
  <testcase classname="day1.HTTPRequests" name="updateUser" time="0.710"/>
  <testcase classname="day1.HTTPRequests" name="deleteUser" time="0.423"/>
</testsuite> <!-- day1.HTTPRequests -->
