<?xml version="1.0" encoding="UTF-8"?>
<!-- Generated by org.testng.reporters.JUnitReportReporter -->
<testsuite hostname="LAPTOP-8USUBBG6" failures="0" tests="2" name="day3.HeaderTest" time="1.596" errors="0" timestamp="2023-08-29T23:42:16 IST" skipped="0">
  <testcase classname="day3.HeaderTest" name="testHeader" time="1.448"/>
  <testcase classname="day3.HeaderTest" name="getHeaderInfo" time="0.148"/>
</testsuite> <!-- day3.HeaderTest -->
