<?xml version="1.0" encoding="UTF-8"?>
<!-- Generated by org.testng.reporters.JUnitReportReporter -->
<testsuite hostname="LAPTOP-8USUBBG6" failures="0" tests="1" name="day3.PathQueryParam" time="2.597" errors="0" timestamp="2023-08-30T11:56:16 IST" skipped="0">
  <testcase classname="day3.PathQueryParam" name="testQueryPathParam" time="2.597"/>
</testsuite> <!-- day3.PathQueryParam -->
