<?xml version="1.0" encoding="UTF-8"?>
<!-- Generated by org.testng.reporters.JUnitReportReporter -->
<testsuite hostname="LAPTOP-8USUBBG6" failures="0" tests="4" name="day1.HTTPRequests" time="3.301" errors="0" timestamp="2023-09-02T18:35:55 IST" skipped="0">
  <testcase classname="day1.HTTPRequests" name="listSingleUser" time="1.802"/>
  <testcase classname="day1.HTTPRequests" name="createUser" time="0.628"/>
  <testcase classname="day1.HTTPRequests" name="updateUser" time="0.530"/>
  <testcase classname="day1.HTTPRequests" name="deleteUser" time="0.341"/>
</testsuite> <!-- day1.HTTPRequests -->
