<?xml version="1.0" encoding="UTF-8"?>
<testsuite xmlns:xsi="http://www.w3.org/2001/XMLSchema-instance" xsi:noNamespaceSchemaLocation="https://maven.apache.org/surefire/maven-surefire-plugin/xsd/surefire-test-report-3.0.xsd" version="3.0" name="TestSuite" time="10.717" tests="14" errors="0" skipped="0" failures="0">
  <properties>
    <property name="java.specification.version" value="20"/>
    <property name="sun.cpu.isalist" value="amd64"/>
    <property name="sun.jnu.encoding" value="Cp1252"/>
    <property name="java.class.path" value="C:\E\workspaces\workSpace_RestAssured_P1\restAssuredTraining\target\test-classes;C:\E\workspaces\workSpace_RestAssured_P1\restAssuredTraining\target\classes;C:\Users\Parag\.m2\repository\org\seleniumhq\selenium\selenium-java\4.9.1\selenium-java-4.9.1.jar;C:\Users\Parag\.m2\repository\org\seleniumhq\selenium\selenium-api\4.9.1\selenium-api-4.9.1.jar;C:\Users\Parag\.m2\repository\org\seleniumhq\selenium\selenium-chrome-driver\4.9.1\selenium-chrome-driver-4.9.1.jar;C:\Users\Parag\.m2\repository\com\google\auto\service\auto-service-annotations\1.0.1\auto-service-annotations-1.0.1.jar;C:\Users\Parag\.m2\repository\com\google\auto\service\auto-service\1.0.1\auto-service-1.0.1.jar;C:\Users\Parag\.m2\repository\com\google\auto\auto-common\1.2\auto-common-1.2.jar;C:\Users\Parag\.m2\repository\org\seleniumhq\selenium\selenium-chromium-driver\4.9.1\selenium-chromium-driver-4.9.1.jar;C:\Users\Parag\.m2\repository\org\seleniumhq\selenium\selenium-json\4.9.1\selenium-json-4.9.1.jar;C:\Users\Parag\.m2\repository\org\seleniumhq\selenium\selenium-manager\4.9.1\selenium-manager-4.9.1.jar;C:\Users\Parag\.m2\repository\org\seleniumhq\selenium\selenium-devtools-v111\4.9.1\selenium-devtools-v111-4.9.1.jar;C:\Users\Parag\.m2\repository\org\seleniumhq\selenium\selenium-devtools-v112\4.9.1\selenium-devtools-v112-4.9.1.jar;C:\Users\Parag\.m2\repository\org\seleniumhq\selenium\selenium-devtools-v113\4.9.1\selenium-devtools-v113-4.9.1.jar;C:\Users\Parag\.m2\repository\org\seleniumhq\selenium\selenium-devtools-v85\4.9.1\selenium-devtools-v85-4.9.1.jar;C:\Users\Parag\.m2\repository\org\seleniumhq\selenium\selenium-edge-driver\4.9.1\selenium-edge-driver-4.9.1.jar;C:\Users\Parag\.m2\repository\org\seleniumhq\selenium\selenium-firefox-driver\4.9.1\selenium-firefox-driver-4.9.1.jar;C:\Users\Parag\.m2\repository\org\seleniumhq\selenium\selenium-http\4.9.1\selenium-http-4.9.1.jar;C:\Users\Parag\.m2\repository\dev\failsafe\failsafe\3.3.1\failsafe-3.3.1.jar;C:\Users\Parag\.m2\repository\org\seleniumhq\selenium\selenium-ie-driver\4.9.1\selenium-ie-driver-4.9.1.jar;C:\Users\Parag\.m2\repository\org\seleniumhq\selenium\selenium-remote-driver\4.9.1\selenium-remote-driver-4.9.1.jar;C:\Users\Parag\.m2\repository\io\netty\netty-buffer\4.1.91.Final\netty-buffer-4.1.91.Final.jar;C:\Users\Parag\.m2\repository\io\netty\netty-codec-http\4.1.91.Final\netty-codec-http-4.1.91.Final.jar;C:\Users\Parag\.m2\repository\io\netty\netty-codec\4.1.91.Final\netty-codec-4.1.91.Final.jar;C:\Users\Parag\.m2\repository\io\netty\netty-handler\4.1.91.Final\netty-handler-4.1.91.Final.jar;C:\Users\Parag\.m2\repository\io\netty\netty-common\4.1.91.Final\netty-common-4.1.91.Final.jar;C:\Users\Parag\.m2\repository\io\netty\netty-transport-classes-epoll\4.1.91.Final\netty-transport-classes-epoll-4.1.91.Final.jar;C:\Users\Parag\.m2\repository\io\netty\netty-transport-classes-kqueue\4.1.91.Final\netty-transport-classes-kqueue-4.1.91.Final.jar;C:\Users\Parag\.m2\repository\io\netty\netty-transport-native-epoll\4.1.91.Final\netty-transport-native-epoll-4.1.91.Final.jar;C:\Users\Parag\.m2\repository\io\netty\netty-transport-native-kqueue\4.1.91.Final\netty-transport-native-kqueue-4.1.91.Final.jar;C:\Users\Parag\.m2\repository\io\netty\netty-transport-native-unix-common\4.1.91.Final\netty-transport-native-unix-common-4.1.91.Final.jar;C:\Users\Parag\.m2\repository\io\netty\netty-transport\4.1.91.Final\netty-transport-4.1.91.Final.jar;C:\Users\Parag\.m2\repository\io\netty\netty-resolver\4.1.91.Final\netty-resolver-4.1.91.Final.jar;C:\Users\Parag\.m2\repository\io\opentelemetry\opentelemetry-api\1.25.0\opentelemetry-api-1.25.0.jar;C:\Users\Parag\.m2\repository\io\opentelemetry\opentelemetry-context\1.25.0\opentelemetry-context-1.25.0.jar;C:\Users\Parag\.m2\repository\io\opentelemetry\opentelemetry-exporter-logging\1.25.0\opentelemetry-exporter-logging-1.25.0.jar;C:\Users\Parag\.m2\repository\io\opentelemetry\opentelemetry-sdk-metrics\1.25.0\opentelemetry-sdk-metrics-1.25.0.jar;C:\Users\Parag\.m2\repository\io\opentelemetry\opentelemetry-sdk-logs\1.25.0-alpha\opentelemetry-sdk-logs-1.25.0-alpha.jar;C:\Users\Parag\.m2\repository\io\opentelemetry\opentelemetry-api-logs\1.25.0-alpha\opentelemetry-api-logs-1.25.0-alpha.jar;C:\Users\Parag\.m2\repository\io\opentelemetry\opentelemetry-api-events\1.25.0-alpha\opentelemetry-api-events-1.25.0-alpha.jar;C:\Users\Parag\.m2\repository\io\opentelemetry\opentelemetry-sdk-common\1.25.0\opentelemetry-sdk-common-1.25.0.jar;C:\Users\Parag\.m2\repository\io\opentelemetry\opentelemetry-sdk-extension-autoconfigure-spi\1.25.0\opentelemetry-sdk-extension-autoconfigure-spi-1.25.0.jar;C:\Users\Parag\.m2\repository\io\opentelemetry\opentelemetry-sdk-extension-autoconfigure\1.25.0-alpha\opentelemetry-sdk-extension-autoconfigure-1.25.0-alpha.jar;C:\Users\Parag\.m2\repository\io\opentelemetry\opentelemetry-sdk-trace\1.25.0\opentelemetry-sdk-trace-1.25.0.jar;C:\Users\Parag\.m2\repository\io\opentelemetry\opentelemetry-sdk\1.25.0\opentelemetry-sdk-1.25.0.jar;C:\Users\Parag\.m2\repository\io\opentelemetry\opentelemetry-semconv\1.25.0-alpha\opentelemetry-semconv-1.25.0-alpha.jar;C:\Users\Parag\.m2\repository\io\ous\jtoml\2.0.0\jtoml-2.0.0.jar;C:\Users\Parag\.m2\repository\net\bytebuddy\byte-buddy\1.14.4\byte-buddy-1.14.4.jar;C:\Users\Parag\.m2\repository\org\apache\commons\commons-exec\1.3\commons-exec-1.3.jar;C:\Users\Parag\.m2\repository\org\asynchttpclient\async-http-client\2.12.3\async-http-client-2.12.3.jar;C:\Users\Parag\.m2\repository\org\asynchttpclient\async-http-client-netty-utils\2.12.3\async-http-client-netty-utils-2.12.3.jar;C:\Users\Parag\.m2\repository\io\netty\netty-codec-socks\4.1.60.Final\netty-codec-socks-4.1.60.Final.jar;C:\Users\Parag\.m2\repository\io\netty\netty-handler-proxy\4.1.60.Final\netty-handler-proxy-4.1.60.Final.jar;C:\Users\Parag\.m2\repository\io\netty\netty-transport-native-epoll\4.1.60.Final\netty-transport-native-epoll-4.1.60.Final-linux-x86_64.jar;C:\Users\Parag\.m2\repository\io\netty\netty-transport-native-kqueue\4.1.60.Final\netty-transport-native-kqueue-4.1.60.Final-osx-x86_64.jar;C:\Users\Parag\.m2\repository\org\reactivestreams\reactive-streams\1.0.3\reactive-streams-1.0.3.jar;C:\Users\Parag\.m2\repository\com\typesafe\netty\netty-reactive-streams\2.0.4\netty-reactive-streams-2.0.4.jar;C:\Users\Parag\.m2\repository\com\sun\activation\jakarta.activation\1.2.2\jakarta.activation-1.2.2.jar;C:\Users\Parag\.m2\repository\org\seleniumhq\selenium\selenium-safari-driver\4.9.1\selenium-safari-driver-4.9.1.jar;C:\Users\Parag\.m2\repository\org\seleniumhq\selenium\selenium-support\4.9.1\selenium-support-4.9.1.jar;C:\Users\Parag\.m2\repository\io\github\bonigarcia\webdrivermanager\5.3.3\webdrivermanager-5.3.3.jar;C:\Users\Parag\.m2\repository\org\slf4j\slf4j-api\2.0.7\slf4j-api-2.0.7.jar;C:\Users\Parag\.m2\repository\com\github\docker-java\docker-java\3.3.0\docker-java-3.3.0.jar;C:\Users\Parag\.m2\repository\com\github\docker-java\docker-java-core\3.3.0\docker-java-core-3.3.0.jar;C:\Users\Parag\.m2\repository\com\github\docker-java\docker-java-api\3.3.0\docker-java-api-3.3.0.jar;C:\Users\Parag\.m2\repository\org\bouncycastle\bcpkix-jdk15on\1.64\bcpkix-jdk15on-1.64.jar;C:\Users\Parag\.m2\repository\org\bouncycastle\bcprov-jdk15on\1.64\bcprov-jdk15on-1.64.jar;C:\Users\Parag\.m2\repository\org\slf4j\jcl-over-slf4j\1.7.30\jcl-over-slf4j-1.7.30.jar;C:\Users\Parag\.m2\repository\com\github\docker-java\docker-java-transport-httpclient5\3.3.0\docker-java-transport-httpclient5-3.3.0.jar;C:\Users\Parag\.m2\repository\com\github\docker-java\docker-java-transport\3.3.0\docker-java-transport-3.3.0.jar;C:\Users\Parag\.m2\repository\net\java\dev\jna\jna\5.12.1\jna-5.12.1.jar;C:\Users\Parag\.m2\repository\org\brotli\dec\0.1.2\dec-0.1.2.jar;C:\Users\Parag\.m2\repository\org\apache\commons\commons-lang3\3.12.0\commons-lang3-3.12.0.jar;C:\Users\Parag\.m2\repository\org\apache\httpcomponents\client5\httpclient5\5.2.1\httpclient5-5.2.1.jar;C:\Users\Parag\.m2\repository\org\apache\httpcomponents\core5\httpcore5\5.2\httpcore5-5.2.jar;C:\Users\Parag\.m2\repository\org\apache\httpcomponents\core5\httpcore5-h2\5.2\httpcore5-h2-5.2.jar;C:\Users\Parag\.m2\repository\commons-io\commons-io\2.12.0\commons-io-2.12.0.jar;C:\Users\Parag\.m2\repository\org\testng\testng\7.8.0\testng-7.8.0.jar;C:\Users\Parag\.m2\repository\com\beust\jcommander\1.82\jcommander-1.82.jar;C:\Users\Parag\.m2\repository\org\webjars\jquery\3.6.1\jquery-3.6.1.jar;C:\Users\Parag\.m2\repository\org\apache\poi\poi-ooxml\5.2.3\poi-ooxml-5.2.3.jar;C:\Users\Parag\.m2\repository\org\apache\poi\poi-ooxml-lite\5.2.3\poi-ooxml-lite-5.2.3.jar;C:\Users\Parag\.m2\repository\org\apache\xmlbeans\xmlbeans\5.1.1\xmlbeans-5.1.1.jar;C:\Users\Parag\.m2\repository\org\apache\commons\commons-compress\1.21\commons-compress-1.21.jar;C:\Users\Parag\.m2\repository\com\github\virtuald\curvesapi\1.07\curvesapi-1.07.jar;C:\Users\Parag\.m2\repository\org\apache\logging\log4j\log4j-api\2.18.0\log4j-api-2.18.0.jar;C:\Users\Parag\.m2\repository\org\apache\commons\commons-collections4\4.4\commons-collections4-4.4.jar;C:\Users\Parag\.m2\repository\org\apache\poi\poi\5.2.3\poi-5.2.3.jar;C:\Users\Parag\.m2\repository\commons-codec\commons-codec\1.15\commons-codec-1.15.jar;C:\Users\Parag\.m2\repository\org\apache\commons\commons-math3\3.6.1\commons-math3-3.6.1.jar;C:\Users\Parag\.m2\repository\com\zaxxer\SparseBitSet\1.2\SparseBitSet-1.2.jar;C:\Users\Parag\.m2\repository\com\guicedee\services\apache-poi-ooxml\62\apache-poi-ooxml-62.jar;C:\Users\Parag\.m2\repository\com\guicedee\services\commons-compress\62\commons-compress-62.jar;C:\Users\Parag\.m2\repository\com\guicedee\services\commons-xmlbeans\62\commons-xmlbeans-62.jar;C:\Users\Parag\.m2\repository\com\guicedee\services\apache-poi\62\apache-poi-62.jar;C:\Users\Parag\.m2\repository\com\guicedee\services\commons-logging\62\commons-logging-62.jar;C:\Users\Parag\.m2\repository\com\guicedee\services\commons-codec\62\commons-codec-62.jar;C:\Users\Parag\.m2\repository\com\guicedee\services\commons-math3\62\commons-math3-62.jar;C:\Users\Parag\.m2\repository\com\guicedee\services\commons-collections4\62\commons-collections4-62.jar;C:\Users\Parag\.m2\repository\com\guicedee\services\jakarta.xml.bind-api\62\jakarta.xml.bind-api-62.jar;C:\Users\Parag\.m2\repository\com\guicedee\services\jakarta.activation\62\jakarta.activation-62.jar;C:\Users\Parag\.m2\repository\com\guicedee\services\jakarta.validation-api\62\jakarta.validation-api-62.jar;C:\Users\Parag\.m2\repository\org\codehaus\woodstox\stax2-api\4.2\stax2-api-4.2.jar;C:\Users\Parag\.m2\repository\org\jvnet\staxex\stax-ex\1.8.2\stax-ex-1.8.2.jar;C:\Users\Parag\.m2\repository\org\apache\logging\log4j\log4j-to-slf4j\2.8.2\log4j-to-slf4j-2.8.2.jar;C:\Users\Parag\.m2\repository\io\rest-assured\rest-assured\5.3.1\rest-assured-5.3.1.jar;C:\Users\Parag\.m2\repository\org\apache\groovy\groovy\4.0.11\groovy-4.0.11.jar;C:\Users\Parag\.m2\repository\org\apache\groovy\groovy-xml\4.0.11\groovy-xml-4.0.11.jar;C:\Users\Parag\.m2\repository\org\apache\httpcomponents\httpclient\4.5.13\httpclient-4.5.13.jar;C:\Users\Parag\.m2\repository\org\apache\httpcomponents\httpcore\4.4.13\httpcore-4.4.13.jar;C:\Users\Parag\.m2\repository\commons-logging\commons-logging\1.2\commons-logging-1.2.jar;C:\Users\Parag\.m2\repository\org\apache\httpcomponents\httpmime\4.5.13\httpmime-4.5.13.jar;C:\Users\Parag\.m2\repository\org\hamcrest\hamcrest\2.2\hamcrest-2.2.jar;C:\Users\Parag\.m2\repository\org\ccil\cowan\tagsoup\tagsoup\1.2.1\tagsoup-1.2.1.jar;C:\Users\Parag\.m2\repository\com\google\code\gson\gson\2.10.1\gson-2.10.1.jar;C:\Users\Parag\.m2\repository\io\rest-assured\json-path\5.3.1\json-path-5.3.1.jar;C:\Users\Parag\.m2\repository\org\apache\groovy\groovy-json\4.0.11\groovy-json-4.0.11.jar;C:\Users\Parag\.m2\repository\io\rest-assured\json-schema-validator\5.3.1\json-schema-validator-5.3.1.jar;C:\Users\Parag\.m2\repository\com\github\java-json-tools\json-schema-validator\2.2.14\json-schema-validator-2.2.14.jar;C:\Users\Parag\.m2\repository\com\github\java-json-tools\jackson-coreutils-equivalence\1.0\jackson-coreutils-equivalence-1.0.jar;C:\Users\Parag\.m2\repository\com\github\java-json-tools\jackson-coreutils\2.0\jackson-coreutils-2.0.jar;C:\Users\Parag\.m2\repository\com\github\java-json-tools\msg-simple\1.2\msg-simple-1.2.jar;C:\Users\Parag\.m2\repository\com\github\java-json-tools\btf\1.3\btf-1.3.jar;C:\Users\Parag\.m2\repository\com\github\java-json-tools\json-schema-core\1.2.14\json-schema-core-1.2.14.jar;C:\Users\Parag\.m2\repository\com\github\java-json-tools\uri-template\0.10\uri-template-0.10.jar;C:\Users\Parag\.m2\repository\org\mozilla\rhino\1.7.7.2\rhino-1.7.7.2.jar;C:\Users\Parag\.m2\repository\com\sun\mail\mailapi\1.6.2\mailapi-1.6.2.jar;C:\Users\Parag\.m2\repository\joda-time\joda-time\2.10.5\joda-time-2.10.5.jar;C:\Users\Parag\.m2\repository\com\googlecode\libphonenumber\libphonenumber\8.11.1\libphonenumber-8.11.1.jar;C:\Users\Parag\.m2\repository\com\google\code\findbugs\jsr305\3.0.2\jsr305-3.0.2.jar;C:\Users\Parag\.m2\repository\net\sf\jopt-simple\jopt-simple\5.0.4\jopt-simple-5.0.4.jar;C:\Users\Parag\.m2\repository\com\google\guava\guava\32.0.1-jre\guava-32.0.1-jre.jar;C:\Users\Parag\.m2\repository\com\google\guava\failureaccess\1.0.1\failureaccess-1.0.1.jar;C:\Users\Parag\.m2\repository\com\google\guava\listenablefuture\9999.0-empty-to-avoid-conflict-with-guava\listenablefuture-9999.0-empty-to-avoid-conflict-with-guava.jar;C:\Users\Parag\.m2\repository\org\checkerframework\checker-qual\3.33.0\checker-qual-3.33.0.jar;C:\Users\Parag\.m2\repository\com\google\errorprone\error_prone_annotations\2.18.0\error_prone_annotations-2.18.0.jar;C:\Users\Parag\.m2\repository\com\google\j2objc\j2objc-annotations\2.8\j2objc-annotations-2.8.jar;C:\Users\Parag\.m2\repository\com\github\scribejava\scribejava-apis\8.3.3\scribejava-apis-8.3.3.jar;C:\Users\Parag\.m2\repository\com\github\scribejava\scribejava-core\8.3.3\scribejava-core-8.3.3.jar;C:\Users\Parag\.m2\repository\com\github\scribejava\scribejava-java8\8.3.3\scribejava-java8-8.3.3.jar;C:\Users\Parag\.m2\repository\com\fasterxml\jackson\core\jackson-databind\2.14.0\jackson-databind-2.14.0.jar;C:\Users\Parag\.m2\repository\com\fasterxml\jackson\core\jackson-annotations\2.14.0\jackson-annotations-2.14.0.jar;C:\Users\Parag\.m2\repository\com\fasterxml\jackson\core\jackson-core\2.14.0\jackson-core-2.14.0.jar;C:\Users\Parag\.m2\repository\org\json\json\20230618\json-20230618.jar;C:\Users\Parag\.m2\repository\io\rest-assured\xml-path\5.3.1\xml-path-5.3.1.jar;C:\Users\Parag\.m2\repository\io\rest-assured\rest-assured-common\5.3.1\rest-assured-common-5.3.1.jar;C:\Users\Parag\.m2\repository\com\github\javafaker\javafaker\1.0.2\javafaker-1.0.2.jar;C:\Users\Parag\.m2\repository\org\yaml\snakeyaml\1.23\snakeyaml-1.23-android.jar;C:\Users\Parag\.m2\repository\com\github\mifmif\generex\1.0.2\generex-1.0.2.jar;C:\Users\Parag\.m2\repository\dk\brics\automaton\automaton\1.11-8\automaton-1.11-8.jar;"/>
    <property name="java.vm.vendor" value="Oracle Corporation"/>
    <property name="sun.arch.data.model" value="64"/>
    <property name="user.variant" value=""/>
    <property name="java.vendor.url" value="https://java.oracle.com/"/>
    <property name="user.timezone" value="Asia/Calcutta"/>
    <property name="os.name" value="Windows 11"/>
    <property name="java.vm.specification.version" value="20"/>
    <property name="sun.java.launcher" value="SUN_STANDARD"/>
    <property name="user.country" value="IN"/>
    <property name="sun.boot.library.path" value="C:\Program Files\Java\jdk-20\bin"/>
    <property name="sun.java.command" value="C:\Users\Parag\AppData\Local\Temp\surefire3175063157641386719\surefirebooter-20230905231359373_3.jar C:\Users\Parag\AppData\Local\Temp\surefire3175063157641386719 2023-09-05T23-13-59_263-jvmRun1 surefire-20230905231359373_1tmp surefire_0-20230905231359373_2tmp"/>
    <property name="jdk.debug" value="release"/>
    <property name="surefire.test.class.path" value="C:\E\workspaces\workSpace_RestAssured_P1\restAssuredTraining\target\test-classes;C:\E\workspaces\workSpace_RestAssured_P1\restAssuredTraining\target\classes;C:\Users\Parag\.m2\repository\org\seleniumhq\selenium\selenium-java\4.9.1\selenium-java-4.9.1.jar;C:\Users\Parag\.m2\repository\org\seleniumhq\selenium\selenium-api\4.9.1\selenium-api-4.9.1.jar;C:\Users\Parag\.m2\repository\org\seleniumhq\selenium\selenium-chrome-driver\4.9.1\selenium-chrome-driver-4.9.1.jar;C:\Users\Parag\.m2\repository\com\google\auto\service\auto-service-annotations\1.0.1\auto-service-annotations-1.0.1.jar;C:\Users\Parag\.m2\repository\com\google\auto\service\auto-service\1.0.1\auto-service-1.0.1.jar;C:\Users\Parag\.m2\repository\com\google\auto\auto-common\1.2\auto-common-1.2.jar;C:\Users\Parag\.m2\repository\org\seleniumhq\selenium\selenium-chromium-driver\4.9.1\selenium-chromium-driver-4.9.1.jar;C:\Users\Parag\.m2\repository\org\seleniumhq\selenium\selenium-json\4.9.1\selenium-json-4.9.1.jar;C:\Users\Parag\.m2\repository\org\seleniumhq\selenium\selenium-manager\4.9.1\selenium-manager-4.9.1.jar;C:\Users\Parag\.m2\repository\org\seleniumhq\selenium\selenium-devtools-v111\4.9.1\selenium-devtools-v111-4.9.1.jar;C:\Users\Parag\.m2\repository\org\seleniumhq\selenium\selenium-devtools-v112\4.9.1\selenium-devtools-v112-4.9.1.jar;C:\Users\Parag\.m2\repository\org\seleniumhq\selenium\selenium-devtools-v113\4.9.1\selenium-devtools-v113-4.9.1.jar;C:\Users\Parag\.m2\repository\org\seleniumhq\selenium\selenium-devtools-v85\4.9.1\selenium-devtools-v85-4.9.1.jar;C:\Users\Parag\.m2\repository\org\seleniumhq\selenium\selenium-edge-driver\4.9.1\selenium-edge-driver-4.9.1.jar;C:\Users\Parag\.m2\repository\org\seleniumhq\selenium\selenium-firefox-driver\4.9.1\selenium-firefox-driver-4.9.1.jar;C:\Users\Parag\.m2\repository\org\seleniumhq\selenium\selenium-http\4.9.1\selenium-http-4.9.1.jar;C:\Users\Parag\.m2\repository\dev\failsafe\failsafe\3.3.1\failsafe-3.3.1.jar;C:\Users\Parag\.m2\repository\org\seleniumhq\selenium\selenium-ie-driver\4.9.1\selenium-ie-driver-4.9.1.jar;C:\Users\Parag\.m2\repository\org\seleniumhq\selenium\selenium-remote-driver\4.9.1\selenium-remote-driver-4.9.1.jar;C:\Users\Parag\.m2\repository\io\netty\netty-buffer\4.1.91.Final\netty-buffer-4.1.91.Final.jar;C:\Users\Parag\.m2\repository\io\netty\netty-codec-http\4.1.91.Final\netty-codec-http-4.1.91.Final.jar;C:\Users\Parag\.m2\repository\io\netty\netty-codec\4.1.91.Final\netty-codec-4.1.91.Final.jar;C:\Users\Parag\.m2\repository\io\netty\netty-handler\4.1.91.Final\netty-handler-4.1.91.Final.jar;C:\Users\Parag\.m2\repository\io\netty\netty-common\4.1.91.Final\netty-common-4.1.91.Final.jar;C:\Users\Parag\.m2\repository\io\netty\netty-transport-classes-epoll\4.1.91.Final\netty-transport-classes-epoll-4.1.91.Final.jar;C:\Users\Parag\.m2\repository\io\netty\netty-transport-classes-kqueue\4.1.91.Final\netty-transport-classes-kqueue-4.1.91.Final.jar;C:\Users\Parag\.m2\repository\io\netty\netty-transport-native-epoll\4.1.91.Final\netty-transport-native-epoll-4.1.91.Final.jar;C:\Users\Parag\.m2\repository\io\netty\netty-transport-native-kqueue\4.1.91.Final\netty-transport-native-kqueue-4.1.91.Final.jar;C:\Users\Parag\.m2\repository\io\netty\netty-transport-native-unix-common\4.1.91.Final\netty-transport-native-unix-common-4.1.91.Final.jar;C:\Users\Parag\.m2\repository\io\netty\netty-transport\4.1.91.Final\netty-transport-4.1.91.Final.jar;C:\Users\Parag\.m2\repository\io\netty\netty-resolver\4.1.91.Final\netty-resolver-4.1.91.Final.jar;C:\Users\Parag\.m2\repository\io\opentelemetry\opentelemetry-api\1.25.0\opentelemetry-api-1.25.0.jar;C:\Users\Parag\.m2\repository\io\opentelemetry\opentelemetry-context\1.25.0\opentelemetry-context-1.25.0.jar;C:\Users\Parag\.m2\repository\io\opentelemetry\opentelemetry-exporter-logging\1.25.0\opentelemetry-exporter-logging-1.25.0.jar;C:\Users\Parag\.m2\repository\io\opentelemetry\opentelemetry-sdk-metrics\1.25.0\opentelemetry-sdk-metrics-1.25.0.jar;C:\Users\Parag\.m2\repository\io\opentelemetry\opentelemetry-sdk-logs\1.25.0-alpha\opentelemetry-sdk-logs-1.25.0-alpha.jar;C:\Users\Parag\.m2\repository\io\opentelemetry\opentelemetry-api-logs\1.25.0-alpha\opentelemetry-api-logs-1.25.0-alpha.jar;C:\Users\Parag\.m2\repository\io\opentelemetry\opentelemetry-api-events\1.25.0-alpha\opentelemetry-api-events-1.25.0-alpha.jar;C:\Users\Parag\.m2\repository\io\opentelemetry\opentelemetry-sdk-common\1.25.0\opentelemetry-sdk-common-1.25.0.jar;C:\Users\Parag\.m2\repository\io\opentelemetry\opentelemetry-sdk-extension-autoconfigure-spi\1.25.0\opentelemetry-sdk-extension-autoconfigure-spi-1.25.0.jar;C:\Users\Parag\.m2\repository\io\opentelemetry\opentelemetry-sdk-extension-autoconfigure\1.25.0-alpha\opentelemetry-sdk-extension-autoconfigure-1.25.0-alpha.jar;C:\Users\Parag\.m2\repository\io\opentelemetry\opentelemetry-sdk-trace\1.25.0\opentelemetry-sdk-trace-1.25.0.jar;C:\Users\Parag\.m2\repository\io\opentelemetry\opentelemetry-sdk\1.25.0\opentelemetry-sdk-1.25.0.jar;C:\Users\Parag\.m2\repository\io\opentelemetry\opentelemetry-semconv\1.25.0-alpha\opentelemetry-semconv-1.25.0-alpha.jar;C:\Users\Parag\.m2\repository\io\ous\jtoml\2.0.0\jtoml-2.0.0.jar;C:\Users\Parag\.m2\repository\net\bytebuddy\byte-buddy\1.14.4\byte-buddy-1.14.4.jar;C:\Users\Parag\.m2\repository\org\apache\commons\commons-exec\1.3\commons-exec-1.3.jar;C:\Users\Parag\.m2\repository\org\asynchttpclient\async-http-client\2.12.3\async-http-client-2.12.3.jar;C:\Users\Parag\.m2\repository\org\asynchttpclient\async-http-client-netty-utils\2.12.3\async-http-client-netty-utils-2.12.3.jar;C:\Users\Parag\.m2\repository\io\netty\netty-codec-socks\4.1.60.Final\netty-codec-socks-4.1.60.Final.jar;C:\Users\Parag\.m2\repository\io\netty\netty-handler-proxy\4.1.60.Final\netty-handler-proxy-4.1.60.Final.jar;C:\Users\Parag\.m2\repository\io\netty\netty-transport-native-epoll\4.1.60.Final\netty-transport-native-epoll-4.1.60.Final-linux-x86_64.jar;C:\Users\Parag\.m2\repository\io\netty\netty-transport-native-kqueue\4.1.60.Final\netty-transport-native-kqueue-4.1.60.Final-osx-x86_64.jar;C:\Users\Parag\.m2\repository\org\reactivestreams\reactive-streams\1.0.3\reactive-streams-1.0.3.jar;C:\Users\Parag\.m2\repository\com\typesafe\netty\netty-reactive-streams\2.0.4\netty-reactive-streams-2.0.4.jar;C:\Users\Parag\.m2\repository\com\sun\activation\jakarta.activation\1.2.2\jakarta.activation-1.2.2.jar;C:\Users\Parag\.m2\repository\org\seleniumhq\selenium\selenium-safari-driver\4.9.1\selenium-safari-driver-4.9.1.jar;C:\Users\Parag\.m2\repository\org\seleniumhq\selenium\selenium-support\4.9.1\selenium-support-4.9.1.jar;C:\Users\Parag\.m2\repository\io\github\bonigarcia\webdrivermanager\5.3.3\webdrivermanager-5.3.3.jar;C:\Users\Parag\.m2\repository\org\slf4j\slf4j-api\2.0.7\slf4j-api-2.0.7.jar;C:\Users\Parag\.m2\repository\com\github\docker-java\docker-java\3.3.0\docker-java-3.3.0.jar;C:\Users\Parag\.m2\repository\com\github\docker-java\docker-java-core\3.3.0\docker-java-core-3.3.0.jar;C:\Users\Parag\.m2\repository\com\github\docker-java\docker-java-api\3.3.0\docker-java-api-3.3.0.jar;C:\Users\Parag\.m2\repository\org\bouncycastle\bcpkix-jdk15on\1.64\bcpkix-jdk15on-1.64.jar;C:\Users\Parag\.m2\repository\org\bouncycastle\bcprov-jdk15on\1.64\bcprov-jdk15on-1.64.jar;C:\Users\Parag\.m2\repository\org\slf4j\jcl-over-slf4j\1.7.30\jcl-over-slf4j-1.7.30.jar;C:\Users\Parag\.m2\repository\com\github\docker-java\docker-java-transport-httpclient5\3.3.0\docker-java-transport-httpclient5-3.3.0.jar;C:\Users\Parag\.m2\repository\com\github\docker-java\docker-java-transport\3.3.0\docker-java-transport-3.3.0.jar;C:\Users\Parag\.m2\repository\net\java\dev\jna\jna\5.12.1\jna-5.12.1.jar;C:\Users\Parag\.m2\repository\org\brotli\dec\0.1.2\dec-0.1.2.jar;C:\Users\Parag\.m2\repository\org\apache\commons\commons-lang3\3.12.0\commons-lang3-3.12.0.jar;C:\Users\Parag\.m2\repository\org\apache\httpcomponents\client5\httpclient5\5.2.1\httpclient5-5.2.1.jar;C:\Users\Parag\.m2\repository\org\apache\httpcomponents\core5\httpcore5\5.2\httpcore5-5.2.jar;C:\Users\Parag\.m2\repository\org\apache\httpcomponents\core5\httpcore5-h2\5.2\httpcore5-h2-5.2.jar;C:\Users\Parag\.m2\repository\commons-io\commons-io\2.12.0\commons-io-2.12.0.jar;C:\Users\Parag\.m2\repository\org\testng\testng\7.8.0\testng-7.8.0.jar;C:\Users\Parag\.m2\repository\com\beust\jcommander\1.82\jcommander-1.82.jar;C:\Users\Parag\.m2\repository\org\webjars\jquery\3.6.1\jquery-3.6.1.jar;C:\Users\Parag\.m2\repository\org\apache\poi\poi-ooxml\5.2.3\poi-ooxml-5.2.3.jar;C:\Users\Parag\.m2\repository\org\apache\poi\poi-ooxml-lite\5.2.3\poi-ooxml-lite-5.2.3.jar;C:\Users\Parag\.m2\repository\org\apache\xmlbeans\xmlbeans\5.1.1\xmlbeans-5.1.1.jar;C:\Users\Parag\.m2\repository\org\apache\commons\commons-compress\1.21\commons-compress-1.21.jar;C:\Users\Parag\.m2\repository\com\github\virtuald\curvesapi\1.07\curvesapi-1.07.jar;C:\Users\Parag\.m2\repository\org\apache\logging\log4j\log4j-api\2.18.0\log4j-api-2.18.0.jar;C:\Users\Parag\.m2\repository\org\apache\commons\commons-collections4\4.4\commons-collections4-4.4.jar;C:\Users\Parag\.m2\repository\org\apache\poi\poi\5.2.3\poi-5.2.3.jar;C:\Users\Parag\.m2\repository\commons-codec\commons-codec\1.15\commons-codec-1.15.jar;C:\Users\Parag\.m2\repository\org\apache\commons\commons-math3\3.6.1\commons-math3-3.6.1.jar;C:\Users\Parag\.m2\repository\com\zaxxer\SparseBitSet\1.2\SparseBitSet-1.2.jar;C:\Users\Parag\.m2\repository\com\guicedee\services\apache-poi-ooxml\62\apache-poi-ooxml-62.jar;C:\Users\Parag\.m2\repository\com\guicedee\services\commons-compress\62\commons-compress-62.jar;C:\Users\Parag\.m2\repository\com\guicedee\services\commons-xmlbeans\62\commons-xmlbeans-62.jar;C:\Users\Parag\.m2\repository\com\guicedee\services\apache-poi\62\apache-poi-62.jar;C:\Users\Parag\.m2\repository\com\guicedee\services\commons-logging\62\commons-logging-62.jar;C:\Users\Parag\.m2\repository\com\guicedee\services\commons-codec\62\commons-codec-62.jar;C:\Users\Parag\.m2\repository\com\guicedee\services\commons-math3\62\commons-math3-62.jar;C:\Users\Parag\.m2\repository\com\guicedee\services\commons-collections4\62\commons-collections4-62.jar;C:\Users\Parag\.m2\repository\com\guicedee\services\jakarta.xml.bind-api\62\jakarta.xml.bind-api-62.jar;C:\Users\Parag\.m2\repository\com\guicedee\services\jakarta.activation\62\jakarta.activation-62.jar;C:\Users\Parag\.m2\repository\com\guicedee\services\jakarta.validation-api\62\jakarta.validation-api-62.jar;C:\Users\Parag\.m2\repository\org\codehaus\woodstox\stax2-api\4.2\stax2-api-4.2.jar;C:\Users\Parag\.m2\repository\org\jvnet\staxex\stax-ex\1.8.2\stax-ex-1.8.2.jar;C:\Users\Parag\.m2\repository\org\apache\logging\log4j\log4j-to-slf4j\2.8.2\log4j-to-slf4j-2.8.2.jar;C:\Users\Parag\.m2\repository\io\rest-assured\rest-assured\5.3.1\rest-assured-5.3.1.jar;C:\Users\Parag\.m2\repository\org\apache\groovy\groovy\4.0.11\groovy-4.0.11.jar;C:\Users\Parag\.m2\repository\org\apache\groovy\groovy-xml\4.0.11\groovy-xml-4.0.11.jar;C:\Users\Parag\.m2\repository\org\apache\httpcomponents\httpclient\4.5.13\httpclient-4.5.13.jar;C:\Users\Parag\.m2\repository\org\apache\httpcomponents\httpcore\4.4.13\httpcore-4.4.13.jar;C:\Users\Parag\.m2\repository\commons-logging\commons-logging\1.2\commons-logging-1.2.jar;C:\Users\Parag\.m2\repository\org\apache\httpcomponents\httpmime\4.5.13\httpmime-4.5.13.jar;C:\Users\Parag\.m2\repository\org\hamcrest\hamcrest\2.2\hamcrest-2.2.jar;C:\Users\Parag\.m2\repository\org\ccil\cowan\tagsoup\tagsoup\1.2.1\tagsoup-1.2.1.jar;C:\Users\Parag\.m2\repository\com\google\code\gson\gson\2.10.1\gson-2.10.1.jar;C:\Users\Parag\.m2\repository\io\rest-assured\json-path\5.3.1\json-path-5.3.1.jar;C:\Users\Parag\.m2\repository\org\apache\groovy\groovy-json\4.0.11\groovy-json-4.0.11.jar;C:\Users\Parag\.m2\repository\io\rest-assured\json-schema-validator\5.3.1\json-schema-validator-5.3.1.jar;C:\Users\Parag\.m2\repository\com\github\java-json-tools\json-schema-validator\2.2.14\json-schema-validator-2.2.14.jar;C:\Users\Parag\.m2\repository\com\github\java-json-tools\jackson-coreutils-equivalence\1.0\jackson-coreutils-equivalence-1.0.jar;C:\Users\Parag\.m2\repository\com\github\java-json-tools\jackson-coreutils\2.0\jackson-coreutils-2.0.jar;C:\Users\Parag\.m2\repository\com\github\java-json-tools\msg-simple\1.2\msg-simple-1.2.jar;C:\Users\Parag\.m2\repository\com\github\java-json-tools\btf\1.3\btf-1.3.jar;C:\Users\Parag\.m2\repository\com\github\java-json-tools\json-schema-core\1.2.14\json-schema-core-1.2.14.jar;C:\Users\Parag\.m2\repository\com\github\java-json-tools\uri-template\0.10\uri-template-0.10.jar;C:\Users\Parag\.m2\repository\org\mozilla\rhino\1.7.7.2\rhino-1.7.7.2.jar;C:\Users\Parag\.m2\repository\com\sun\mail\mailapi\1.6.2\mailapi-1.6.2.jar;C:\Users\Parag\.m2\repository\joda-time\joda-time\2.10.5\joda-time-2.10.5.jar;C:\Users\Parag\.m2\repository\com\googlecode\libphonenumber\libphonenumber\8.11.1\libphonenumber-8.11.1.jar;C:\Users\Parag\.m2\repository\com\google\code\findbugs\jsr305\3.0.2\jsr305-3.0.2.jar;C:\Users\Parag\.m2\repository\net\sf\jopt-simple\jopt-simple\5.0.4\jopt-simple-5.0.4.jar;C:\Users\Parag\.m2\repository\com\google\guava\guava\32.0.1-jre\guava-32.0.1-jre.jar;C:\Users\Parag\.m2\repository\com\google\guava\failureaccess\1.0.1\failureaccess-1.0.1.jar;C:\Users\Parag\.m2\repository\com\google\guava\listenablefuture\9999.0-empty-to-avoid-conflict-with-guava\listenablefuture-9999.0-empty-to-avoid-conflict-with-guava.jar;C:\Users\Parag\.m2\repository\org\checkerframework\checker-qual\3.33.0\checker-qual-3.33.0.jar;C:\Users\Parag\.m2\repository\com\google\errorprone\error_prone_annotations\2.18.0\error_prone_annotations-2.18.0.jar;C:\Users\Parag\.m2\repository\com\google\j2objc\j2objc-annotations\2.8\j2objc-annotations-2.8.jar;C:\Users\Parag\.m2\repository\com\github\scribejava\scribejava-apis\8.3.3\scribejava-apis-8.3.3.jar;C:\Users\Parag\.m2\repository\com\github\scribejava\scribejava-core\8.3.3\scribejava-core-8.3.3.jar;C:\Users\Parag\.m2\repository\com\github\scribejava\scribejava-java8\8.3.3\scribejava-java8-8.3.3.jar;C:\Users\Parag\.m2\repository\com\fasterxml\jackson\core\jackson-databind\2.14.0\jackson-databind-2.14.0.jar;C:\Users\Parag\.m2\repository\com\fasterxml\jackson\core\jackson-annotations\2.14.0\jackson-annotations-2.14.0.jar;C:\Users\Parag\.m2\repository\com\fasterxml\jackson\core\jackson-core\2.14.0\jackson-core-2.14.0.jar;C:\Users\Parag\.m2\repository\org\json\json\20230618\json-20230618.jar;C:\Users\Parag\.m2\repository\io\rest-assured\xml-path\5.3.1\xml-path-5.3.1.jar;C:\Users\Parag\.m2\repository\io\rest-assured\rest-assured-common\5.3.1\rest-assured-common-5.3.1.jar;C:\Users\Parag\.m2\repository\com\github\javafaker\javafaker\1.0.2\javafaker-1.0.2.jar;C:\Users\Parag\.m2\repository\org\yaml\snakeyaml\1.23\snakeyaml-1.23-android.jar;C:\Users\Parag\.m2\repository\com\github\mifmif\generex\1.0.2\generex-1.0.2.jar;C:\Users\Parag\.m2\repository\dk\brics\automaton\automaton\1.11-8\automaton-1.11-8.jar;"/>
    <property name="sun.cpu.endian" value="little"/>
    <property name="user.home" value="C:\Users\Parag"/>
    <property name="user.language" value="en"/>
    <property name="java.specification.vendor" value="Oracle Corporation"/>
    <property name="java.version.date" value="2023-07-18"/>
    <property name="java.home" value="C:\Program Files\Java\jdk-20"/>
    <property name="file.separator" value="\"/>
    <property name="basedir" value="C:\E\workspaces\workSpace_RestAssured_P1\restAssuredTraining"/>
    <property name="java.vm.compressedOopsMode" value="32-bit"/>
    <property name="line.separator" value="&#10;"/>
    <property name="java.vm.specification.vendor" value="Oracle Corporation"/>
    <property name="java.specification.name" value="Java Platform API Specification"/>
    <property name="surefire.real.class.path" value="C:\Users\Parag\AppData\Local\Temp\surefire3175063157641386719\surefirebooter-20230905231359373_3.jar"/>
    <property name="user.script" value=""/>
    <property name="sun.management.compiler" value="HotSpot 64-Bit Tiered Compilers"/>
    <property name="java.runtime.version" value="20.0.2+9-78"/>
    <property name="user.name" value="Parag"/>
    <property name="stdout.encoding" value="Cp1252"/>
    <property name="path.separator" value=";"/>
    <property name="os.version" value="10.0"/>
    <property name="java.runtime.name" value="Java(TM) SE Runtime Environment"/>
    <property name="file.encoding" value="UTF-8"/>
    <property name="java.vm.name" value="Java HotSpot(TM) 64-Bit Server VM"/>
    <property name="localRepository" value="C:\Users\Parag\.m2\repository"/>
    <property name="java.vendor.url.bug" value="https://bugreport.java.com/bugreport/"/>
    <property name="java.io.tmpdir" value="C:\Users\Parag\AppData\Local\Temp\"/>
    <property name="java.version" value="20.0.2"/>
    <property name="user.dir" value="C:\E\workspaces\workSpace_RestAssured_P1\restAssuredTraining"/>
    <property name="os.arch" value="amd64"/>
    <property name="java.vm.specification.name" value="Java Virtual Machine Specification"/>
    <property name="sun.os.patch.level" value=""/>
    <property name="native.encoding" value="Cp1252"/>
    <property name="java.library.path" value="C:\Program Files\Java\jdk-20\bin;C:\WINDOWS\Sun\Java\bin;C:\WINDOWS\system32;C:\WINDOWS;C:\Program Files\Common Files\Oracle\Java\javapath;C:\windows\system32;C:\windows;C:\windows\System32\Wbem;C:\windows\System32\WindowsPowerShell\v1.0\;C:\windows\System32\OpenSSH\;C:\Program Files (x86)\NVIDIA Corporation\PhysX\Common;C:\WINDOWS\system32;C:\WINDOWS;C:\WINDOWS\System32\Wbem;C:\WINDOWS\System32\WindowsPowerShell\v1.0\;C:\WINDOWS\System32\OpenSSH\;C:\Program Files\Java\jdk-20\bin;C:\E\Apache_Maven\apache-maven-3.9.4\bin;C:\Program Files\Microsoft SQL Server\120\DTS\Binn\;C:\Program Files\Microsoft SQL Server\Client SDK\ODBC\110\Tools\Binn\;C:\Program Files (x86)\Microsoft SQL Server\120\Tools\Binn\;C:\Program Files\Microsoft SQL Server\120\Tools\Binn\;C:\Program Files (x86)\Microsoft SQL Server\120\Tools\Binn\ManagementStudio\;C:\Program Files (x86)\Microsoft SQL Server\120\DTS\Binn\;C:\Program Files\nodejs\;C:\ProgramData\chocolatey\bin;C:\Program Files\nodejs\node_modules;C:\Users\Parag\AppData\Roaming\npm\node_modules\newman\bin\newman.js;C:\Program Files\Git\bin;C:\Users\Parag\AppData\Roaming\npm;C:\E\Apache_Maven\apache-maven-3.9.4\bin;C:\E\Apache_Maven\apache-maven-3.9.4\;C:\E\Apache_Maven\apache-maven-3.9.4;C:\Program Files\Java\jdk-20;C:\Program Files\Git\bin\git.exe;C:\Users\Parag\AppData\Local\Microsoft\WindowsApps;C:\Program Files\Java\jdk-20\bin;C:\E\Apache_Maven\apache-maven-3.9.4\bin;C:\Users\Parag\AppData\Local\Programs\Microsoft VS Code\bin;C:\Users\Parag\AppData\Roaming\npm\node_modules\newman\bin\newman.js;;."/>
    <property name="java.vm.info" value="mixed mode, sharing"/>
    <property name="stderr.encoding" value="Cp1252"/>
    <property name="java.vendor" value="Oracle Corporation"/>
    <property name="java.vm.version" value="20.0.2+9-78"/>
    <property name="sun.io.unicode.encoding" value="UnicodeLittle"/>
    <property name="java.class.version" value="64.0"/>
  </properties>
  <testcase name="listSingleUser" classname="day1.HTTPRequests" time="1.664">
    <system-out><![CDATA[HTTP/1.1 200 OK
Date: Tue, 05 Sep 2023 17:44:01 GMT
Content-Type: application/json; charset=utf-8
Transfer-Encoding: chunked
Connection: keep-alive
X-Powered-By: Express
Access-Control-Allow-Origin: *
Etag: W/"406-ut0vzoCuidvyMf8arZpMpJ6ZRDw"
Via: 1.1 vegur
Cache-Control: max-age=14400
CF-Cache-Status: HIT
Age: 5635
Report-To: {"endpoints":[{"url":"https:\/\/a.nel.cloudflare.com\/report\/v3?s=8czvUdXCHuPEVdTwrsQrDHVVGoWaTiX7x8TjRw7USx9SIoslSLab6wdV8nnZqxum8o4IpCbM37146LSzM4ZtT%2Be9aehqfdIpVPbSyhT7h%2F3RB6AgVYl92oHFGw%3D%3D"}],"group":"cf-nel","max_age":604800}
NEL: {"success_fraction":0,"report_to":"cf-nel","max_age":604800}
Vary: Accept-Encoding
Server: cloudflare
CF-RAY: 8020471e6fb2f480-BOM
Content-Encoding: gzip

{
    "page": 2,
    "per_page": 6,
    "total": 12,
    "total_pages": 2,
    "data": [
        {
            "id": 7,
            "email": "michael.lawson@reqres.in",
            "first_name": "Michael",
            "last_name": "Lawson",
            "avatar": "https://reqres.in/img/faces/7-image.jpg"
        },
        {
            "id": 8,
            "email": "lindsay.ferguson@reqres.in",
            "first_name": "Lindsay",
            "last_name": "Ferguson",
            "avatar": "https://reqres.in/img/faces/8-image.jpg"
        },
        {
            "id": 9,
            "email": "tobias.funke@reqres.in",
            "first_name": "Tobias",
            "last_name": "Funke",
            "avatar": "https://reqres.in/img/faces/9-image.jpg"
        },
        {
            "id": 10,
            "email": "byron.fields@reqres.in",
            "first_name": "Byron",
            "last_name": "Fields",
            "avatar": "https://reqres.in/img/faces/10-image.jpg"
        },
        {
            "id": 11,
            "email": "george.edwards@reqres.in",
            "first_name": "George",
            "last_name": "Edwards",
            "avatar": "https://reqres.in/img/faces/11-image.jpg"
        },
        {
            "id": 12,
            "email": "rachel.howell@reqres.in",
            "first_name": "Rachel",
            "last_name": "Howell",
            "avatar": "https://reqres.in/img/faces/12-image.jpg"
        }
    ],
    "support": {
        "url": "https://reqres.in/#support-heading",
        "text": "To keep ReqRes free, contributions towards server costs are appreciated!"
    }
}
]]></system-out>
    <system-err><![CDATA[SLF4J: No SLF4J providers were found.
SLF4J: Defaulting to no-operation (NOP) logger implementation
SLF4J: See https://www.slf4j.org/codes.html#noProviders for further details.
]]></system-err>
  </testcase>
  <testcase name="createUser" classname="day1.HTTPRequests" time="0.678">
    <system-out><![CDATA[Captured id --> 475
]]></system-out>
  </testcase>
  <testcase name="updateUser" classname="day1.HTTPRequests" time="0.407">
    <system-out><![CDATA[HTTP/1.1 200 OK
Date: Tue, 05 Sep 2023 17:44:02 GMT
Content-Type: application/json; charset=utf-8
Transfer-Encoding: chunked
Connection: keep-alive
X-Powered-By: Express
Access-Control-Allow-Origin: *
Etag: W/"4a-bvSHpVu9GlAf4KsAkDt0JYUZ6K8"
Via: 1.1 vegur
CF-Cache-Status: DYNAMIC
Report-To: {"endpoints":[{"url":"https:\/\/a.nel.cloudflare.com\/report\/v3?s=6MFoFXLJHIwiU%2BzloucVTJeAu3FcrqUGTuTX0PickOItTL1LEB42Rx5PrJU9s3qcXR2sAF3YiBRHsm0s6h%2FvIcFHetpv4rUH%2Farm82qb%2BhuwTfWHKsDm6qUI2Q%3D%3D"}],"group":"cf-nel","max_age":604800}
NEL: {"success_fraction":0,"report_to":"cf-nel","max_age":604800}
Vary: Accept-Encoding
Server: cloudflare
CF-RAY: 80204725dbbc1794-MAA
Content-Encoding: gzip

{
    "name": "Someone",
    "job": "business",
    "updatedAt": "2023-09-05T17:44:02.488Z"
}
]]></system-out>
  </testcase>
  <testcase name="deleteUser" classname="day1.HTTPRequests" time="0.339">
    <system-out><![CDATA[HTTP/1.1 204 No Content
Date: Tue, 05 Sep 2023 17:44:02 GMT
Content-Length: 0
Connection: keep-alive
X-Powered-By: Express
Access-Control-Allow-Origin: *
Etag: W/"2-vyGp6PvFo4RvsFtPoIWeCReyIC8"
Via: 1.1 vegur
CF-Cache-Status: DYNAMIC
Report-To: {"endpoints":[{"url":"https:\/\/a.nel.cloudflare.com\/report\/v3?s=qzJRRrZs%2BxQO0X5yX70F1YJScidH%2Bpcj6e76FlaOR3rdKs7rzu628zD%2F1gD8vzvJbFegJqGpeLzZ9bravMnoyeJ7%2FW3yP3m7uP%2FPACl%2BQa4LSv%2BFUqEkfJrtBQ%3D%3D"}],"group":"cf-nel","max_age":604800}
NEL: {"success_fraction":0,"report_to":"cf-nel","max_age":604800}
Server: cloudflare
CF-RAY: 802047289cd8f425-BOM
<<---------Deleted Successfully-------------->>
]]></system-out>
  </testcase>
  <testcase name="jsonSchema_Test" classname="day6.SchemaValidationClass" time="0.431">
    <system-out><![CDATA[HTTP/1.1 200 OK
Date: Tue, 05 Sep 2023 17:44:03 GMT
Content-Type: application/json; charset=utf-8
Transfer-Encoding: chunked
Connection: keep-alive
Cache-Control: max-age=0, private, must-revalidate
etag: W/"50ef210954b88faf3938339b2fbea579"
referrer-policy: strict-origin-when-cross-origin
vary: Origin
x-content-type-options: nosniff
x-download-options: noopen
x-frame-options: SAMEORIGIN
x-links-current: https://gorest.co.in/public/v2/users?page=1
x-links-next: https://gorest.co.in/public/v2/users?page=2
x-links-previous: 
x-pagination-limit: 10
x-pagination-page: 1
x-pagination-pages: 297
x-pagination-total: 2968
x-permitted-cross-domain-policies: none
x-request-id: 4d0841b7-7c2d-4122-ad15-60788837f4d7
x-runtime: 0.026041
x-xss-protection: 0
CF-Cache-Status: DYNAMIC
Report-To: {"endpoints":[{"url":"https:\/\/a.nel.cloudflare.com\/report\/v3?s=ihHUnZms%2BrAq5XTz2tzZtp0hHsGtlKRunvsu15OAyDIdto57x3x%2FePILABTXssztmcW%2BCpLxwQI6akbqQ5aIsNBQvIkOEOvdGL7ZCFA23cE%2BZW0tFG1uIf57WWptFhE%3D"}],"group":"cf-nel","max_age":604800}
NEL: {"success_fraction":0,"report_to":"cf-nel","max_age":604800}
Server: cloudflare
CF-RAY: 8020472af998f2ce-BOM
Content-Encoding: gzip
alt-svc: h3=":443"; ma=86400

[
    {
        "id": 5114515,
        "name": "Hiranya Devar",
        "email": "devar_hiranya@ryan.test",
        "gender": "male",
        "status": "active"
    },
    {
        "id": 5114512,
        "name": "Chinmayananda Johar",
        "email": "johar_chinmayananda@murphy.example",
        "gender": "male",
        "status": "active"
    },
    {
        "id": 5114511,
        "name": "Kannan Mehrotra",
        "email": "kannan_mehrotra@zboncak.test",
        "gender": "male",
        "status": "inactive"
    },
    {
        "id": 5114510,
        "name": "Dr. Bilva Tandon",
        "email": "dr_bilva_tandon@hoeger.test",
        "gender": "female",
        "status": "active"
    },
    {
        "id": 5114509,
        "name": "Prasanna Chopra",
        "email": "prasanna_chopra@hudson-smith.example",
        "gender": "male",
        "status": "inactive"
    },
    {
        "id": 5114508,
        "name": "Devangana Varma",
        "email": "varma_devangana@brown.example",
        "gender": "female",
        "status": "inactive"
    },
    {
        "id": 5114507,
        "name": "Charvi Arora",
        "email": "charvi_arora@rosenbaum.example",
        "gender": "male",
        "status": "inactive"
    },
    {
        "id": 5114506,
        "name": "Achalesvara Kakkar DVM",
        "email": "dvm_kakkar_achalesvara@rodriguez-keeling.example",
        "gender": "male",
        "status": "inactive"
    },
    {
        "id": 5114505,
        "name": "Trilokesh Varman",
        "email": "trilokesh_varman@wilkinson.example",
        "gender": "female",
        "status": "inactive"
    },
    {
        "id": 5114504,
        "name": "Dr. Gautam Nambeesan",
        "email": "nambeesan_gautam_dr@bailey-roob.test",
        "gender": "female",
        "status": "active"
    }
]
]]></system-out>
  </testcase>
  <testcase name="xmlSchema_Test" classname="day6.SchemaValidationClass" time="0.235">
    <system-out><![CDATA[<TravelerinformationResponse xmlns:xsd="http://www.w3.org/2001/XMLSchema" xmlns:xsi="http://www.w3.org/2001/XMLSchema-instance">
  <page>1</page>
  <per_page>10</per_page>
  <totalrecord>35675</totalrecord>
  <total_pages>3568</total_pages>
  <travelers>
    <Travelerinformation>
      <id>11133</id>
      <name>Developer</name>
      <email>Developer12@gmail.com</email>
      <adderes>USA</adderes>
      <createdat>0001-01-01T00:00:00</createdat>
    </Travelerinformation>
    <Travelerinformation>
      <id>11134</id>
      <name>AS</name>
      <email>qweqw@mail.ru</email>
      <adderes>USA</adderes>
      <createdat>0001-01-01T00:00:00</createdat>
    </Travelerinformation>
    <Travelerinformation>
      <id>11135</id>
      <name>vano</name>
      <email>van.19v@mail.ru</email>
      <adderes>USA</adderes>
      <createdat>0001-01-01T00:00:00</createdat>
    </Travelerinformation>
    <Travelerinformation>
      <id>11136</id>
      <name>Developer123</name>
      <email>Developer523@gmail.com</email>
      <adderes>USA</adderes>
      <createdat>0001-01-01T00:00:00</createdat>
    </Travelerinformation>
    <Travelerinformation>
      <id>11137</id>
      <name>Ashor</name>
      <email>ashot.vardanyan.2000@gmail.com</email>
      <adderes>USA</adderes>
      <createdat>0001-01-01T00:00:00</createdat>
    </Travelerinformation>
    <Travelerinformation>
      <id>11138</id>
      <name>1234</name>
      <email>ghag@mail.ru</email>
      <adderes>USA</adderes>
      <createdat>0001-01-01T00:00:00</createdat>
    </Travelerinformation>
    <Travelerinformation>
      <id>11139</id>
      <name>asdasd</name>
      <email>asdasd@dasda.asd</email>
      <adderes>USA</adderes>
      <createdat>0001-01-01T00:00:00</createdat>
    </Travelerinformation>
    <Travelerinformation>
      <id>11140</id>
      <name>da</name>
      <email>auriu@gmail.com</email>
      <adderes>USA</adderes>
      <createdat>0001-01-01T00:00:00</createdat>
    </Travelerinformation>
    <Travelerinformation>
      <id>11142</id>
      <name>asdasd</name>
      <email>qwwerrwerweeqw@mail.ru</email>
      <adderes>USA</adderes>
      <createdat>0001-01-01T00:00:00</createdat>
    </Travelerinformation>
    <Travelerinformation>
      <id>11143</id>
      <name>karen</name>
      <email>karen@mail.ru</email>
      <adderes>USA</adderes>
      <createdat>0001-01-01T00:00:00</createdat>
    </Travelerinformation>
  </travelers>
</TravelerinformationResponse>
]]></system-out>
  </testcase>
  <testcase name="jsonSchema_Test_ResponseVariable" classname="day6.SchemaValidationClass" time="0.172">
    <system-out><![CDATA[[{"id":5114515,"name":"Hiranya Devar","email":"devar_hiranya@ryan.test","gender":"male","status":"active"},{"id":5114512,"name":"Chinmayananda Johar","email":"johar_chinmayananda@murphy.example","gender":"male","status":"active"},{"id":5114511,"name":"Kannan Mehrotra","email":"kannan_mehrotra@zboncak.test","gender":"male","status":"inactive"},{"id":5114510,"name":"Dr. Bilva Tandon","email":"dr_bilva_tandon@hoeger.test","gender":"female","status":"active"},{"id":5114509,"name":"Prasanna Chopra","email":"prasanna_chopra@hudson-smith.example","gender":"male","status":"inactive"},{"id":5114508,"name":"Devangana Varma","email":"varma_devangana@brown.example","gender":"female","status":"inactive"},{"id":5114507,"name":"Charvi Arora","email":"charvi_arora@rosenbaum.example","gender":"male","status":"inactive"},{"id":5114506,"name":"Achalesvara Kakkar DVM","email":"dvm_kakkar_achalesvara@rodriguez-keeling.example","gender":"male","status":"inactive"},{"id":5114505,"name":"Trilokesh Varman","email":"trilokesh_varman@wilkinson.example","gender":"female","status":"inactive"},{"id":5114504,"name":"Dr. Gautam Nambeesan","email":"nambeesan_gautam_dr@bailey-roob.test","gender":"female","status":"active"}]
]]></system-out>
  </testcase>
  <testcase name="basicAuthentication" classname="day7.AuthenticationAPI" time="1.366">
    <system-out><![CDATA[HTTP/1.1 200 OK
Date: Tue, 05 Sep 2023 17:44:05 GMT
Content-Type: application/json; charset=utf-8
Content-Length: 27
Connection: keep-alive
ETag: W/"1b-o64KRFi1Uw+73hnrS1UFKUVInOY"
set-cookie: sails.sid=s%3A6EVK5FT1wokXB0IHj7DxwGazKHCyXkzN.aHt1i4v13nnJ9lh7jhiQptJkDRoU9waKx2m9a6%2BnZGM; Path=/; HttpOnly

{
    "authenticated": true
}
]]></system-out>
  </testcase>
  <testcase name="digestAuthentication" classname="day7.AuthenticationAPI" time="1.399">
    <system-out><![CDATA[HTTP/1.1 200 OK
Date: Tue, 05 Sep 2023 17:44:06 GMT
Content-Type: application/json; charset=utf-8
Content-Length: 27
Connection: keep-alive
ETag: W/"1b-o64KRFi1Uw+73hnrS1UFKUVInOY"
set-cookie: sails.sid=s%3ADYCNL2lEHRBvvfI-mwsDREdzXshnXR6U.rsfSTa6MdW8Db3ca6xzGvoLxU3MqgfbEhTzpy6wX2dg; Path=/; HttpOnly

{
    "authenticated": true
}
]]></system-out>
  </testcase>
  <testcase name="preemptiveAuthentication" classname="day7.AuthenticationAPI" time="1.184">
    <system-out><![CDATA[HTTP/1.1 200 OK
Date: Tue, 05 Sep 2023 17:44:07 GMT
Content-Type: application/json; charset=utf-8
Content-Length: 27
Connection: keep-alive
ETag: W/"1b-o64KRFi1Uw+73hnrS1UFKUVInOY"
set-cookie: sails.sid=s%3AXQgSJJZNdSCxpVqwt1bgd0xR7jSGC_ET.48ql1iHSPce%2Bk1eCzBJoMI29MPlcxbBc1xRoPQoGbAU; Path=/; HttpOnly

{
    "authenticated": true
}
]]></system-out>
  </testcase>
  <testcase name="bearerTokenAuth" classname="day7.AuthenticationAPI" time="0.199">
    <system-out><![CDATA[HTTP/1.1 200 OK
Date: Tue, 05 Sep 2023 17:44:07 GMT
Content-Type: application/json; charset=utf-8
Transfer-Encoding: chunked
Connection: keep-alive
Cache-Control: max-age=0, private, must-revalidate
etag: W/"d073ecc17dadc76b6bc749653fb7607e"
referrer-policy: strict-origin-when-cross-origin
vary: Origin
x-content-type-options: nosniff
x-download-options: noopen
x-frame-options: SAMEORIGIN
x-links-current: https://gorest.co.in/public/v2/users?page=1
x-links-next: https://gorest.co.in/public/v2/users?page=2
x-links-previous: 
x-pagination-limit: 10
x-pagination-page: 1
x-pagination-pages: 309
x-pagination-total: 3088
x-permitted-cross-domain-policies: none
x-ratelimit-limit: 90
x-ratelimit-remaining: 84
x-ratelimit-reset: 1
x-request-id: d7556b63-938c-4d53-9982-1ec06accbf4c
x-runtime: 0.067183
x-xss-protection: 0
CF-Cache-Status: DYNAMIC
Report-To: {"endpoints":[{"url":"https:\/\/a.nel.cloudflare.com\/report\/v3?s=l7pDiPWqXCPIC4fVq1%2B2YfvVvWJP%2FlSzKDzM%2FDACeZ7gotXyZGs7D27OjQstkLgTjeQbtK5TiJYW79uL6x1AkCxwclPx63V4L%2BBOvqv%2Bz%2BLL%2FPJtwQyI%2FuSOP9pU5wk%3D"}],"group":"cf-nel","max_age":604800}
NEL: {"success_fraction":0,"report_to":"cf-nel","max_age":604800}
Server: cloudflare
CF-RAY: 80204748cba6f41d-BOM
Content-Encoding: gzip
alt-svc: h3=":443"; ma=86400

[
    {
        "id": 5115237,
        "name": "Noel Leuschke",
        "email": "britany.wisozk@hotmail.com",
        "gender": "female",
        "status": "active"
    },
    {
        "id": 5115236,
        "name": "Major Schneider",
        "email": "kim.reichert@hotmail.com",
        "gender": "male",
        "status": "inactive"
    },
    {
        "id": 5115235,
        "name": "Lacey Mitchell",
        "email": "alvaro.rempel@yahoo.com",
        "gender": "female",
        "status": "active"
    },
    {
        "id": 5115234,
        "name": "Mary Hane",
        "email": "lashawnda.purdy@yahoo.com",
        "gender": "female",
        "status": "active"
    },
    {
        "id": 5115233,
        "name": "Elba Bernier II",
        "email": "cristopher.spencer@hotmail.com",
        "gender": "female",
        "status": "active"
    },
    {
        "id": 5115232,
        "name": "Josefina Dooley",
        "email": "madelene.zemlak@hotmail.com",
        "gender": "male",
        "status": "active"
    },
    {
        "id": 5115231,
        "name": "Gaylord Moen",
        "email": "maranda.krajcik@gmail.com",
        "gender": "female",
        "status": "inactive"
    },
    {
        "id": 5115229,
        "name": "Gala Treutel",
        "email": "johnnie.hessel@hotmail.com",
        "gender": "male",
        "status": "active"
    },
    {
        "id": 5115228,
        "name": "Alita Legros",
        "email": "isiah.block@hotmail.com",
        "gender": "male",
        "status": "inactive"
    },
    {
        "id": 5115227,
        "name": "Morton Crona I",
        "email": "glynis.hane@gmail.com",
        "gender": "male",
        "status": "inactive"
    }
]
]]></system-out>
  </testcase>
  <testcase name="oauth_02_Auth" classname="day7.AuthenticationAPI" time="0.141">
    <system-out><![CDATA[HTTP/1.1 200 OK
Date: Tue, 05 Sep 2023 17:44:08 GMT
Content-Type: application/json; charset=utf-8
Transfer-Encoding: chunked
Connection: keep-alive
Cache-Control: max-age=0, private, must-revalidate
etag: W/"50ef210954b88faf3938339b2fbea579"
referrer-policy: strict-origin-when-cross-origin
vary: Origin
x-content-type-options: nosniff
x-download-options: noopen
x-frame-options: SAMEORIGIN
x-links-current: https://gorest.co.in/public/v2/users?page=1
x-links-next: https://gorest.co.in/public/v2/users?page=2
x-links-previous: 
x-pagination-limit: 10
x-pagination-page: 1
x-pagination-pages: 297
x-pagination-total: 2968
x-permitted-cross-domain-policies: none
x-request-id: 866c8d9d-a948-4719-bb3a-20b9e8df1556
x-runtime: 0.024782
x-xss-protection: 0
CF-Cache-Status: DYNAMIC
Report-To: {"endpoints":[{"url":"https:\/\/a.nel.cloudflare.com\/report\/v3?s=KfQSyXdd4tbwZkUbYFKap04gdQB374YeY8sAT73gFoHdkRQvN%2BsNb7wxF0bHjJiQS6QMTQdh%2FUYbj5ojX89UQA7WTey4VJfKy9N5dAbRD2muPN2XvUauAvxaeLRDqJY%3D"}],"group":"cf-nel","max_age":604800}
NEL: {"success_fraction":0,"report_to":"cf-nel","max_age":604800}
Server: cloudflare
CF-RAY: 80204749fb99f2ba-BOM
Content-Encoding: gzip
alt-svc: h3=":443"; ma=86400

[
    {
        "id": 5114515,
        "name": "Hiranya Devar",
        "email": "devar_hiranya@ryan.test",
        "gender": "male",
        "status": "active"
    },
    {
        "id": 5114512,
        "name": "Chinmayananda Johar",
        "email": "johar_chinmayananda@murphy.example",
        "gender": "male",
        "status": "active"
    },
    {
        "id": 5114511,
        "name": "Kannan Mehrotra",
        "email": "kannan_mehrotra@zboncak.test",
        "gender": "male",
        "status": "inactive"
    },
    {
        "id": 5114510,
        "name": "Dr. Bilva Tandon",
        "email": "dr_bilva_tandon@hoeger.test",
        "gender": "female",
        "status": "active"
    },
    {
        "id": 5114509,
        "name": "Prasanna Chopra",
        "email": "prasanna_chopra@hudson-smith.example",
        "gender": "male",
        "status": "inactive"
    },
    {
        "id": 5114508,
        "name": "Devangana Varma",
        "email": "varma_devangana@brown.example",
        "gender": "female",
        "status": "inactive"
    },
    {
        "id": 5114507,
        "name": "Charvi Arora",
        "email": "charvi_arora@rosenbaum.example",
        "gender": "male",
        "status": "inactive"
    },
    {
        "id": 5114506,
        "name": "Achalesvara Kakkar DVM",
        "email": "dvm_kakkar_achalesvara@rodriguez-keeling.example",
        "gender": "male",
        "status": "inactive"
    },
    {
        "id": 5114505,
        "name": "Trilokesh Varman",
        "email": "trilokesh_varman@wilkinson.example",
        "gender": "female",
        "status": "inactive"
    },
    {
        "id": 5114504,
        "name": "Dr. Gautam Nambeesan",
        "email": "nambeesan_gautam_dr@bailey-roob.test",
        "gender": "female",
        "status": "active"
    }
]
]]></system-out>
  </testcase>
  <testcase name="apiKeyAuth" classname="day7.AuthenticationAPI" time="0.11">
    <system-out><![CDATA[HTTP/1.1 200 OK
Date: Tue, 05 Sep 2023 17:44:08 GMT
Content-Type: application/json; charset=utf-8
Transfer-Encoding: chunked
Connection: keep-alive
Cache-Control: max-age=0, private, must-revalidate
etag: W/"50ef210954b88faf3938339b2fbea579"
referrer-policy: strict-origin-when-cross-origin
vary: Origin
x-content-type-options: nosniff
x-download-options: noopen
x-frame-options: SAMEORIGIN
x-links-current: https://gorest.co.in/public/v2/users?page=1
x-links-next: https://gorest.co.in/public/v2/users?page=2
x-links-previous: 
x-pagination-limit: 10
x-pagination-page: 1
x-pagination-pages: 297
x-pagination-total: 2968
x-permitted-cross-domain-policies: none
x-request-id: c33af85f-ebdc-426e-8bc1-03f993594be2
x-runtime: 0.030079
x-xss-protection: 0
CF-Cache-Status: DYNAMIC
Report-To: {"endpoints":[{"url":"https:\/\/a.nel.cloudflare.com\/report\/v3?s=55kEee1TZEWaHay5aCRnlJe1DOQBBnGrp%2FThHiiOBXXzxLBtDNqsHStFBQxyhcqtB9WQBMcGEsOwzZcsfTbjYB%2B9ez%2FI5365LA3ZYZpI1c1cNXE2exge%2BpqH2BKYaE8%3D"}],"group":"cf-nel","max_age":604800}
NEL: {"success_fraction":0,"report_to":"cf-nel","max_age":604800}
Server: cloudflare
CF-RAY: 8020474a9d33a923-MAA
Content-Encoding: gzip
alt-svc: h3=":443"; ma=86400

[
    {
        "id": 5114515,
        "name": "Hiranya Devar",
        "email": "devar_hiranya@ryan.test",
        "gender": "male",
        "status": "active"
    },
    {
        "id": 5114512,
        "name": "Chinmayananda Johar",
        "email": "johar_chinmayananda@murphy.example",
        "gender": "male",
        "status": "active"
    },
    {
        "id": 5114511,
        "name": "Kannan Mehrotra",
        "email": "kannan_mehrotra@zboncak.test",
        "gender": "male",
        "status": "inactive"
    },
    {
        "id": 5114510,
        "name": "Dr. Bilva Tandon",
        "email": "dr_bilva_tandon@hoeger.test",
        "gender": "female",
        "status": "active"
    },
    {
        "id": 5114509,
        "name": "Prasanna Chopra",
        "email": "prasanna_chopra@hudson-smith.example",
        "gender": "male",
        "status": "inactive"
    },
    {
        "id": 5114508,
        "name": "Devangana Varma",
        "email": "varma_devangana@brown.example",
        "gender": "female",
        "status": "inactive"
    },
    {
        "id": 5114507,
        "name": "Charvi Arora",
        "email": "charvi_arora@rosenbaum.example",
        "gender": "male",
        "status": "inactive"
    },
    {
        "id": 5114506,
        "name": "Achalesvara Kakkar DVM",
        "email": "dvm_kakkar_achalesvara@rodriguez-keeling.example",
        "gender": "male",
        "status": "inactive"
    },
    {
        "id": 5114505,
        "name": "Trilokesh Varman",
        "email": "trilokesh_varman@wilkinson.example",
        "gender": "female",
        "status": "inactive"
    },
    {
        "id": 5114504,
        "name": "Dr. Gautam Nambeesan",
        "email": "nambeesan_gautam_dr@bailey-roob.test",
        "gender": "female",
        "status": "active"
    }
]
]]></system-out>
  </testcase>
  <testcase name="createUser" classname="day8_api_Chaining.CreateUser" time="1.89">
    <system-out><![CDATA[HTTP/1.1 201 Created
Date: Tue, 05 Sep 2023 17:44:08 GMT
Content-Type: application/json; charset=utf-8
Transfer-Encoding: chunked
Connection: keep-alive
Cache-Control: max-age=0, private, must-revalidate
etag: W/"60fd99355d831b1f43a6786364cbe196"
location: https://gorest.co.in/public/v2/users/5115238
referrer-policy: strict-origin-when-cross-origin
vary: Origin
x-content-type-options: nosniff
x-download-options: noopen
x-frame-options: SAMEORIGIN
x-permitted-cross-domain-policies: none
x-ratelimit-limit: 90
x-ratelimit-remaining: 89
x-ratelimit-reset: 2
x-request-id: f7653fda-f7b4-4af3-b248-f70350f0b451
x-runtime: 0.065044
x-xss-protection: 0
CF-Cache-Status: DYNAMIC
Report-To: {"endpoints":[{"url":"https:\/\/a.nel.cloudflare.com\/report\/v3?s=U1pAs9bbdhQTI5mHmGV3p9FxfTNBStOeQXLXADRhiN663RV8Qab85K7be%2F5%2BQ2oT%2BCVsEuubDzWGJ%2BDjmuNaqHErv9kI7QZHSybc3Khs56IeJtSd7R1%2BWuxQXZtZZf8%3D"}],"group":"cf-nel","max_age":604800}
NEL: {"success_fraction":0,"report_to":"cf-nel","max_age":604800}
Server: cloudflare
CF-RAY: 8020474c39f3f42d-BOM
alt-svc: h3=":443"; ma=86400

{
    "id": 5115238,
    "name": "Mrs. Thanh Volkman",
    "email": "rod.connelly@gmail.com",
    "gender": "female",
    "status": "inactive"
}
HTTP/1.1 201 Created
Date: Tue, 05 Sep 2023 17:44:08 GMT
Content-Type: application/json; charset=utf-8
Transfer-Encoding: chunked
Connection: keep-alive
Cache-Control: max-age=0, private, must-revalidate
etag: W/"b8c764d6b300dce098cb9e2c4f763983"
location: https://gorest.co.in/public/v2/users/5115239
referrer-policy: strict-origin-when-cross-origin
vary: Origin
x-content-type-options: nosniff
x-download-options: noopen
x-frame-options: SAMEORIGIN
x-permitted-cross-domain-policies: none
x-ratelimit-limit: 90
x-ratelimit-remaining: 88
x-ratelimit-reset: 2
x-request-id: 0b5a5a9c-8a18-4788-9f9d-e2880fc52499
x-runtime: 0.062821
x-xss-protection: 0
CF-Cache-Status: DYNAMIC
Report-To: {"endpoints":[{"url":"https:\/\/a.nel.cloudflare.com\/report\/v3?s=1EFjxINFdc83qyV%2FeOsQ7pM14eKRMmJ97wckP411JLhlIqxouRgEQa4MFnaSllrZaNq81Nw39wH603qzayzHpUSFGdbg3jO4jKcff5E%2FzsmRyNuCOxXGLvFt1cPL73Y%3D"}],"group":"cf-nel","max_age":604800}
NEL: {"success_fraction":0,"report_to":"cf-nel","max_age":604800}
Server: cloudflare
CF-RAY: 8020474dcfe7f2fb-BOM
alt-svc: h3=":443"; ma=86400

{
    "id": 5115239,
    "name": "Stanford Anderson",
    "email": "carlotta.boyer@yahoo.com",
    "gender": "female",
    "status": "active"
}
HTTP/1.1 201 Created
Date: Tue, 05 Sep 2023 17:44:08 GMT
Content-Type: application/json; charset=utf-8
Transfer-Encoding: chunked
Connection: keep-alive
Cache-Control: max-age=0, private, must-revalidate
etag: W/"d91829de8bc744d09b2fa4f6657e6bbc"
location: https://gorest.co.in/public/v2/users/5115240
referrer-policy: strict-origin-when-cross-origin
vary: Origin
x-content-type-options: nosniff
x-download-options: noopen
x-frame-options: SAMEORIGIN
x-permitted-cross-domain-policies: none
x-ratelimit-limit: 90
x-ratelimit-remaining: 87
x-ratelimit-reset: 3
x-request-id: b68ce34e-ae08-4a47-8218-74e131f256f5
x-runtime: 0.065864
x-xss-protection: 0
CF-Cache-Status: DYNAMIC
Report-To: {"endpoints":[{"url":"https:\/\/a.nel.cloudflare.com\/report\/v3?s=FOx7yzGzSgBAxuZjSlUuFxFfls8Uf9UH4w3OwtR03nFDBkPaViRJLE986cXwb4JjfPDp17wsuIvz855t8T2KH2DuUm9VsU4BseFQ2Ml31YmYx00ZDr8%2FfbfhoDl6rro%3D"}],"group":"cf-nel","max_age":604800}
NEL: {"success_fraction":0,"report_to":"cf-nel","max_age":604800}
Server: cloudflare
CF-RAY: 8020474ee886f29a-BOM
alt-svc: h3=":443"; ma=86400

{
    "id": 5115240,
    "name": "Ayesha Aufderhar",
    "email": "keira.will@hotmail.com",
    "gender": "male",
    "status": "active"
}
HTTP/1.1 201 Created
Date: Tue, 05 Sep 2023 17:44:09 GMT
Content-Type: application/json; charset=utf-8
Transfer-Encoding: chunked
Connection: keep-alive
Cache-Control: max-age=0, private, must-revalidate
etag: W/"d0c196acba0c4eab3e003956788689a9"
location: https://gorest.co.in/public/v2/users/5115241
referrer-policy: strict-origin-when-cross-origin
vary: Origin
x-content-type-options: nosniff
x-download-options: noopen
x-frame-options: SAMEORIGIN
x-permitted-cross-domain-policies: none
x-ratelimit-limit: 90
x-ratelimit-remaining: 86
x-ratelimit-reset: 4
x-request-id: 3a1ff12b-9039-4eaf-aedc-1ade64d250e1
x-runtime: 0.071326
x-xss-protection: 0
CF-Cache-Status: DYNAMIC
Report-To: {"endpoints":[{"url":"https:\/\/a.nel.cloudflare.com\/report\/v3?s=7yc0y1CwgJ3v4cyC3kZUnZXi%2B3x%2Ff%2Bh%2B3jzoFHZcia6ILCP8OTPwoa04Pl%2FeYW7jU6ZMIzwtuZ0dfvhIHNyzOeUfypETuGbiLlPqQRypqMkXwsjR6SyzbnxIFmD1DCE%3D"}],"group":"cf-nel","max_age":604800}
NEL: {"success_fraction":0,"report_to":"cf-nel","max_age":604800}
Server: cloudflare
CF-RAY: 802047506b7a1bcd-BOM
alt-svc: h3=":443"; ma=86400

{
    "id": 5115241,
    "name": "Nathan Graham",
    "email": "margarita.greenfelder@gmail.com",
    "gender": "female",
    "status": "active"
}
HTTP/1.1 201 Created
Date: Tue, 05 Sep 2023 17:44:09 GMT
Content-Type: application/json; charset=utf-8
Transfer-Encoding: chunked
Connection: keep-alive
Cache-Control: max-age=0, private, must-revalidate
etag: W/"ef3c4c071e736c13fe7c415d270dd674"
location: https://gorest.co.in/public/v2/users/5115242
referrer-policy: strict-origin-when-cross-origin
vary: Origin
x-content-type-options: nosniff
x-download-options: noopen
x-frame-options: SAMEORIGIN
x-permitted-cross-domain-policies: none
x-ratelimit-limit: 90
x-ratelimit-remaining: 85
x-ratelimit-reset: 4
x-request-id: ae01d68d-f776-49e0-94c3-6f946df4f6a2
x-runtime: 0.051826
x-xss-protection: 0
CF-Cache-Status: DYNAMIC
Report-To: {"endpoints":[{"url":"https:\/\/a.nel.cloudflare.com\/report\/v3?s=LBTrncVToh3wfha5t9qaogr8VGfUh8OyEZkEtAhSmBjD0XQpkSMr%2BaECzFsb69IYQN7ugr9oSPO%2BOEAG0oK1NWImHCBuQF00PeC9WroIxAm8Z8x2222PaHWGD87n7Ls%3D"}],"group":"cf-nel","max_age":604800}
NEL: {"success_fraction":0,"report_to":"cf-nel","max_age":604800}
Server: cloudflare
CF-RAY: 802047519bdbf48c-BOM
alt-svc: h3=":443"; ma=86400

{
    "id": 5115242,
    "name": "Marilu Hodkiewicz",
    "email": "joshua.maggio@hotmail.com",
    "gender": "female",
    "status": "inactive"
}
HTTP/1.1 201 Created
Date: Tue, 05 Sep 2023 17:44:09 GMT
Content-Type: application/json; charset=utf-8
Transfer-Encoding: chunked
Connection: keep-alive
Cache-Control: max-age=0, private, must-revalidate
etag: W/"498d711c9cae1f9d25d270d92d08e1c0"
location: https://gorest.co.in/public/v2/users/5115243
referrer-policy: strict-origin-when-cross-origin
vary: Origin
x-content-type-options: nosniff
x-download-options: noopen
x-frame-options: SAMEORIGIN
x-permitted-cross-domain-policies: none
x-ratelimit-limit: 90
x-ratelimit-remaining: 84
x-ratelimit-reset: 5
x-request-id: 0491c445-00f0-4635-b08b-a057524d0844
x-runtime: 0.041331
x-xss-protection: 0
CF-Cache-Status: DYNAMIC
Report-To: {"endpoints":[{"url":"https:\/\/a.nel.cloudflare.com\/report\/v3?s=0v9BYD%2FuJsDTSa4XobH6gJ1w6RuXq2ehNGpleW6qjF4Po6s5uIt5bcML2bbvXNhiZ%2BVmmXzn9PtCd9iwgCztQX%2Bu7EiDv8jVnGHR%2Bn0mFaCPf4JqcplGBLbHz0Q9YuM%3D"}],"group":"cf-nel","max_age":604800}
NEL: {"success_fraction":0,"report_to":"cf-nel","max_age":604800}
Server: cloudflare
CF-RAY: 80204752ac6df38c-BOM
alt-svc: h3=":443"; ma=86400

{
    "id": 5115243,
    "name": "Edward Homenick",
    "email": "rosy.nader@yahoo.com",
    "gender": "male",
    "status": "active"
}
HTTP/1.1 201 Created
Date: Tue, 05 Sep 2023 17:44:09 GMT
Content-Type: application/json; charset=utf-8
Transfer-Encoding: chunked
Connection: keep-alive
Cache-Control: max-age=0, private, must-revalidate
etag: W/"09ce8addc4e00de5cbea5e26f72606c9"
location: https://gorest.co.in/public/v2/users/5115244
referrer-policy: strict-origin-when-cross-origin
vary: Origin
x-content-type-options: nosniff
x-download-options: noopen
x-frame-options: SAMEORIGIN
x-permitted-cross-domain-policies: none
x-ratelimit-limit: 90
x-ratelimit-remaining: 83
x-ratelimit-reset: 6
x-request-id: 622a476f-3ed5-4f98-9fab-75de7d4e4275
x-runtime: 0.074372
x-xss-protection: 0
CF-Cache-Status: DYNAMIC
Report-To: {"endpoints":[{"url":"https:\/\/a.nel.cloudflare.com\/report\/v3?s=2mkfxVnWEnx%2F%2FuwFEALGfU4mT5b5irLHtabKW%2BVCRmECrv0Zlr%2B%2FYVFAdPnaVWbjPtSJHiHSslhKgCY%2BLGOvDTwNhXjMMWS1EWdjLR7ZRtdEVctaybrKWtYFF%2FUKxcQ%3D"}],"group":"cf-nel","max_age":604800}
NEL: {"success_fraction":0,"report_to":"cf-nel","max_age":604800}
Server: cloudflare
CF-RAY: 802047537991179c-MAA
alt-svc: h3=":443"; ma=86400

{
    "id": 5115244,
    "name": "Kevin Bergstrom",
    "email": "winter.mraz@hotmail.com",
    "gender": "female",
    "status": "inactive"
}
HTTP/1.1 201 Created
Date: Tue, 05 Sep 2023 17:44:09 GMT
Content-Type: application/json; charset=utf-8
Transfer-Encoding: chunked
Connection: keep-alive
Cache-Control: max-age=0, private, must-revalidate
etag: W/"8c2062bf63152089632eed368e7e1985"
location: https://gorest.co.in/public/v2/users/5115245
referrer-policy: strict-origin-when-cross-origin
vary: Origin
x-content-type-options: nosniff
x-download-options: noopen
x-frame-options: SAMEORIGIN
x-permitted-cross-domain-policies: none
x-ratelimit-limit: 90
x-ratelimit-remaining: 82
x-ratelimit-reset: 6
x-request-id: 773c59f4-9cde-44a9-a8cf-e413b2400dd8
x-runtime: 0.063872
x-xss-protection: 0
CF-Cache-Status: DYNAMIC
Report-To: {"endpoints":[{"url":"https:\/\/a.nel.cloudflare.com\/report\/v3?s=D%2BGTcCxtqvvatZge2LkdiDA3LBgvP%2B0QjNfIPF7xPOPL6JI2gA47h6POJDsa1KC%2BrQqaIrlt87OXnpNF1bTkcXvEzTcBSFitwvBDuU4fujqSJOiW2h1DECx7RQsfmHU%3D"}],"group":"cf-nel","max_age":604800}
NEL: {"success_fraction":0,"report_to":"cf-nel","max_age":604800}
Server: cloudflare
CF-RAY: 802047545aa1179c-MAA
alt-svc: h3=":443"; ma=86400

{
    "id": 5115245,
    "name": "Normand Jenkins PhD",
    "email": "desmond.braun@yahoo.com",
    "gender": "female",
    "status": "active"
}
HTTP/1.1 201 Created
Date: Tue, 05 Sep 2023 17:44:09 GMT
Content-Type: application/json; charset=utf-8
Transfer-Encoding: chunked
Connection: keep-alive
Cache-Control: max-age=0, private, must-revalidate
etag: W/"f968e8ae28674c75daca6aeeb32047dd"
location: https://gorest.co.in/public/v2/users/5115246
referrer-policy: strict-origin-when-cross-origin
vary: Origin
x-content-type-options: nosniff
x-download-options: noopen
x-frame-options: SAMEORIGIN
x-permitted-cross-domain-policies: none
x-ratelimit-limit: 90
x-ratelimit-remaining: 81
x-ratelimit-reset: 7
x-request-id: d174ae2f-a2cf-4295-ad7f-999053678055
x-runtime: 0.050872
x-xss-protection: 0
CF-Cache-Status: DYNAMIC
Report-To: {"endpoints":[{"url":"https:\/\/a.nel.cloudflare.com\/report\/v3?s=n4floMzE%2BMulJmgceFUZhTbLep8UDNLfmSWfTDAjgsQVUy0KrbsLmeBNNGotuuutubog8jXR7YuCdAD%2BCzCdb6THYF91lKS7xteAN99ndyTwlfq6LrLoyS1G%2B%2B2EwHc%3D"}],"group":"cf-nel","max_age":604800}
NEL: {"success_fraction":0,"report_to":"cf-nel","max_age":604800}
Server: cloudflare
CF-RAY: 802047556d9a1bc6-BOM
alt-svc: h3=":443"; ma=86400

{
    "id": 5115246,
    "name": "Viva Nicolas",
    "email": "margit.bruen@gmail.com",
    "gender": "female",
    "status": "active"
}
HTTP/1.1 201 Created
Date: Tue, 05 Sep 2023 17:44:10 GMT
Content-Type: application/json; charset=utf-8
Transfer-Encoding: chunked
Connection: keep-alive
Cache-Control: max-age=0, private, must-revalidate
etag: W/"9a5427d5b03bcf949696566c7619a15e"
location: https://gorest.co.in/public/v2/users/5115247
referrer-policy: strict-origin-when-cross-origin
vary: Origin
x-content-type-options: nosniff
x-download-options: noopen
x-frame-options: SAMEORIGIN
x-permitted-cross-domain-policies: none
x-ratelimit-limit: 90
x-ratelimit-remaining: 80
x-ratelimit-reset: 8
x-request-id: a5d85ba2-63e7-41a0-80c1-b70a6251e741
x-runtime: 0.047016
x-xss-protection: 0
CF-Cache-Status: DYNAMIC
Report-To: {"endpoints":[{"url":"https:\/\/a.nel.cloudflare.com\/report\/v3?s=IQjSZzqoOtp%2B0paxFGLj2RB1AJeTYYcN20xyrzPrhAqxWErGHJR23GMLvw6sfV3wtoFAMMEQSOflfytV%2B2wcd2CqZkKTfsjVAsC7AyoU3nT1Pahx1qqk6yQshTpJMqM%3D"}],"group":"cf-nel","max_age":604800}
NEL: {"success_fraction":0,"report_to":"cf-nel","max_age":604800}
Server: cloudflare
CF-RAY: 802047565ba5f2e6-BOM
alt-svc: h3=":443"; ma=86400

{
    "id": 5115247,
    "name": "Mrs. Freeman Gusikowski",
    "email": "alonso.damore@yahoo.com",
    "gender": "male",
    "status": "inactive"
}
]]></system-out>
  </testcase>
</testsuite>