<?xml version="1.0" encoding="UTF-8"?>
<!-- Generated by org.testng.reporters.JUnitReportReporter -->
<testsuite hostname="LAPTOP-8USUBBG6" failures="0" tests="1" name="day8.ApiChaining" time="2.838" errors="0" timestamp="2023-09-05T14:58:41 IST" skipped="0">
  <testcase classname="day8.ApiChaining" name="apiChain" time="2.838"/>
</testsuite> <!-- day8.ApiChaining -->
