<?xml version="1.0" encoding="UTF-8"?>
<!-- Generated by org.testng.reporters.JUnitReportReporter -->
<testsuite hostname="LAPTOP-8USUBBG6" failures="0" tests="1" name="day5.FileUpload" time="2.022" errors="0" timestamp="2023-08-31T23:06:08 IST" skipped="0">
  <testcase classname="day5.FileUpload" name="singleFileUpload" time="2.022"/>
</testsuite> <!-- day5.FileUpload -->
