<?xml version="1.0" encoding="UTF-8"?>
<!-- Generated by org.testng.reporters.JUnitReportReporter -->
<testsuite hostname="LAPTOP-8USUBBG6" failures="0" tests="3" name="day6.SchemaValidationClass" time="0.985" errors="0" timestamp="2023-09-05T23:12:46 IST" skipped="0">
  <testcase classname="day6.SchemaValidationClass" name="jsonSchema_Test" time="0.452"/>
  <testcase classname="day6.SchemaValidationClass" name="xmlSchema_Test" time="0.425"/>
  <testcase classname="day6.SchemaValidationClass" name="jsonSchema_Test_ResponseVariable" time="0.108"/>
</testsuite> <!-- day6.SchemaValidationClass -->
