<?xml version="1.0" encoding="UTF-8"?>
<!-- Generated by org.testng.reporters.JUnitReportReporter -->
<testsuite hostname="LAPTOP-8USUBBG6" failures="0" tests="1" name="day6.JsonSchemaValidationClass" time="2.627" errors="0" timestamp="2023-09-05T12:33:24 IST" skipped="0">
  <testcase classname="day6.JsonSchemaValidationClass" name="validateSchema" time="2.627"/>
</testsuite> <!-- day6.JsonSchemaValidationClass -->
