<?xml version="1.0" encoding="UTF-8"?>
<!-- Generated by org.testng.reporters.JUnitReportReporter -->
<testsuite hostname="LAPTOP-8USUBBG6" failures="0" tests="6" name="day7.AuthenticationAPI" time="4.487" errors="0" timestamp="2023-09-05T23:12:46 IST" skipped="0">
  <testcase classname="day7.AuthenticationAPI" name="basicAuthentication" time="1.545"/>
  <testcase classname="day7.AuthenticationAPI" name="digestAuthentication" time="1.375"/>
  <testcase classname="day7.AuthenticationAPI" name="preemptiveAuthentication" time="1.139"/>
  <testcase classname="day7.AuthenticationAPI" name="bearerTokenAuth" time="0.206"/>
  <testcase classname="day7.AuthenticationAPI" name="oauth_02_Auth" time="0.103"/>
  <testcase classname="day7.AuthenticationAPI" name="apiKeyAuth" time="0.119"/>
</testsuite> <!-- day7.AuthenticationAPI -->
