<?xml version="1.0" encoding="UTF-8"?>
<!-- Generated by org.testng.reporters.JUnitReportReporter -->
<testsuite hostname="LAPTOP-8USUBBG6" failures="0" tests="1" name="day7.FakerLibrary" time="0.219" errors="0" timestamp="2023-09-05T23:10:02 IST" skipped="0">
  <testcase classname="day7.FakerLibrary" name="fakerLibrary" time="0.219"/>
</testsuite> <!-- day7.FakerLibrary -->
