<?xml version="1.0" encoding="UTF-8"?>
<!-- Generated by org.testng.reporters.JUnitReportReporter -->
<testsuite hostname="LAPTOP-8USUBBG6" failures="0" tests="1" name="day8_api_Chaining.CreateUser" time="1.798" errors="0" timestamp="2023-09-05T23:12:46 IST" skipped="0">
  <testcase classname="day8_api_Chaining.CreateUser" name="createUser" time="1.798"/>
</testsuite> <!-- day8_api_Chaining.CreateUser -->
