<?xml version="1.0" encoding="UTF-8"?>
<!-- Generated by org.testng.reporters.JUnitReportReporter -->
<testsuite hostname="LAPTOP-8USUBBG6" failures="0" tests="3" name="day5.XmlResponse" time="3.472" errors="0" timestamp="2023-09-05T12:37:29 IST" skipped="0">
  <testcase classname="day5.XmlResponse" name="testXmlResponseThen" time="2.355"/>
  <testcase classname="day5.XmlResponse" name="testXMLresponseBody" time="0.537"/>
  <testcase classname="day5.XmlResponse" name="xmlInAnyOrder" time="0.580"/>
</testsuite> <!-- day5.XmlResponse -->
