<?xml version="1.0" encoding="UTF-8"?>
<!-- Generated by org.testng.reporters.JUnitReportReporter -->
<testsuite hostname="LAPTOP-8USUBBG6" failures="0" tests="4" name="day1.HTTPRequests" time="4.572" errors="0" timestamp="2023-09-05T13:30:02 IST" skipped="0">
  <testcase classname="day1.HTTPRequests" name="listSingleUser" time="2.494"/>
  <testcase classname="day1.HTTPRequests" name="createUser" time="0.870"/>
  <testcase classname="day1.HTTPRequests" name="updateUser" time="0.727"/>
  <testcase classname="day1.HTTPRequests" name="deleteUser" time="0.481"/>
</testsuite> <!-- day1.HTTPRequests -->
