<?xml version="1.0" encoding="UTF-8"?>
<!-- Generated by org.testng.reporters.JUnitReportReporter -->
<testsuite hostname="LAPTOP-8USUBBG6" failures="0" tests="2" name="day6.SchemaValidationClass" time="2.443" errors="0" timestamp="2023-09-05T13:30:02 IST" skipped="0">
  <testcase classname="day6.SchemaValidationClass" name="jsonSchema_Test" time="1.011"/>
  <testcase classname="day6.SchemaValidationClass" name="xmlSchema_Test" time="1.432"/>
</testsuite> <!-- day6.SchemaValidationClass -->
