<?xml version="1.0" encoding="UTF-8"?>
<!-- Generated by org.testng.reporters.JUnitReportReporter -->
<testsuite hostname="LAPTOP-8USUBBG6" failures="0" tests="1" name="day8_api_Chaining.List_an_User" time="1.505" errors="0" timestamp="2023-09-05T21:04:32 IST" skipped="0">
  <testcase classname="day8_api_Chaining.List_an_User" name="apiChain" time="1.505"/>
</testsuite> <!-- day8_api_Chaining.List_an_User -->
