<?xml version="1.0" encoding="UTF-8"?>
<!-- Generated by org.testng.reporters.JUnitReportReporter -->
<testsuite hostname="LAPTOP-8USUBBG6" failures="0" tests="4" name="day1.HTTPRequests" time="2.966" errors="0" timestamp="2023-09-05T23:12:46 IST" skipped="0">
  <testcase classname="day1.HTTPRequests" name="listSingleUser" time="1.531"/>
  <testcase classname="day1.HTTPRequests" name="createUser" time="0.630"/>
  <testcase classname="day1.HTTPRequests" name="deleteUser" time="0.373"/>
  <testcase classname="day1.HTTPRequests" name="updateUser" time="0.432"/>
</testsuite> <!-- day1.HTTPRequests -->
