<?xml version="1.0" encoding="UTF-8"?>
<!-- Generated by org.testng.reporters.JUnitReportReporter -->
<testsuite hostname="LAPTOP-8USUBBG6" failures="0" tests="2" name="day3.HeaderTest" time="0.315" errors="0" timestamp="2023-08-30T00:00:58 IST" skipped="0">
  <testcase classname="day3.HeaderTest" name="testHeader" time="0.164"/>
  <testcase classname="day3.HeaderTest" name="getHeaderInfo" time="0.151"/>
</testsuite> <!-- day3.HeaderTest -->
