<?xml version="1.0" encoding="UTF-8"?>
<!-- Generated by org.testng.reporters.JUnitReportReporter -->
<testsuite hostname="LAPTOP-8USUBBG6" failures="0" tests="4" name="day1.HTTPRequests" time="5.175" errors="0" timestamp="2023-09-05T13:31:01 IST" skipped="0">
  <testcase classname="day1.HTTPRequests" name="listSingleUser" time="2.310"/>
  <testcase classname="day1.HTTPRequests" name="createUser" time="1.728"/>
  <testcase classname="day1.HTTPRequests" name="deleteUser" time="0.520"/>
  <testcase classname="day1.HTTPRequests" name="updateUser" time="0.617"/>
</testsuite> <!-- day1.HTTPRequests -->
