<?xml version="1.0" encoding="UTF-8"?>
<!-- Generated by org.testng.reporters.JUnitReportReporter -->
<testsuite hostname="LAPTOP-8USUBBG6" failures="0" tests="6" name="day7.AuthenticationAPI" time="4.384" errors="0" timestamp="2023-09-05T23:14:10 IST" skipped="0">
  <testcase classname="day7.AuthenticationAPI" name="basicAuthentication" time="1.368"/>
  <testcase classname="day7.AuthenticationAPI" name="digestAuthentication" time="1.386"/>
  <testcase classname="day7.AuthenticationAPI" name="preemptiveAuthentication" time="1.197"/>
  <testcase classname="day7.AuthenticationAPI" name="bearerTokenAuth" time="0.198"/>
  <testcase classname="day7.AuthenticationAPI" name="oauth_02_Auth" time="0.129"/>
  <testcase classname="day7.AuthenticationAPI" name="apiKeyAuth" time="0.106"/>
</testsuite> <!-- day7.AuthenticationAPI -->
